<?xml version="1.0" encoding="UTF-8"?>
<testsuite name="com.hermes.hermestock.HermestockApplicationTests" tests="1" skipped="0" failures="0" errors="0" timestamp="2022-05-10T00:31:39" hostname="A201808029-02.local" time="0.142">
  <properties/>
  <testcase name="contextLoads()" classname="com.hermes.hermestock.HermestockApplicationTests" time="0.142"/>
  <system-out><![CDATA[09:31:33.542 [Test worker] DEBUG org.springframework.test.context.BootstrapUtils - Instantiating CacheAwareContextLoaderDelegate from class [org.springframework.test.context.cache.DefaultCacheAwareContextLoaderDelegate]
09:31:33.555 [Test worker] DEBUG org.springframework.test.context.BootstrapUtils - Instantiating BootstrapContext using constructor [public org.springframework.test.context.support.DefaultBootstrapContext(java.lang.Class,org.springframework.test.context.CacheAwareContextLoaderDelegate)]
09:31:33.581 [Test worker] DEBUG org.springframework.test.context.BootstrapUtils - Instantiating TestContextBootstrapper for test class [com.hermes.hermestock.HermestockApplicationTests] from class [org.springframework.boot.test.context.SpringBootTestContextBootstrapper]
09:31:33.592 [Test worker] INFO org.springframework.boot.test.context.SpringBootTestContextBootstrapper - Neither @ContextConfiguration nor @ContextHierarchy found for test class [com.hermes.hermestock.HermestockApplicationTests], using SpringBootContextLoader
09:31:33.595 [Test worker] DEBUG org.springframework.test.context.support.AbstractContextLoader - Did not detect default resource location for test class [com.hermes.hermestock.HermestockApplicationTests]: class path resource [com/hermes/hermestock/HermestockApplicationTests-context.xml] does not exist
09:31:33.596 [Test worker] DEBUG org.springframework.test.context.support.AbstractContextLoader - Did not detect default resource location for test class [com.hermes.hermestock.HermestockApplicationTests]: class path resource [com/hermes/hermestock/HermestockApplicationTestsContext.groovy] does not exist
09:31:33.596 [Test worker] INFO org.springframework.test.context.support.AbstractContextLoader - Could not detect default resource locations for test class [com.hermes.hermestock.HermestockApplicationTests]: no resource found for suffixes {-context.xml, Context.groovy}.
09:31:33.597 [Test worker] INFO org.springframework.test.context.support.AnnotationConfigContextLoaderUtils - Could not detect default configuration classes for test class [com.hermes.hermestock.HermestockApplicationTests]: HermestockApplicationTests does not declare any static, non-private, non-final, nested classes annotated with @Configuration.
09:31:33.639 [Test worker] DEBUG org.springframework.test.context.support.ActiveProfilesUtils - Could not find an 'annotation declaring class' for annotation type [org.springframework.test.context.ActiveProfiles] and class [com.hermes.hermestock.HermestockApplicationTests]
09:31:33.692 [Test worker] DEBUG org.springframework.context.annotation.ClassPathScanningCandidateComponentProvider - Identified candidate component class: file [/Users/a201808029/sandbox/java/hermestock/build/classes/java/main/com/hermes/hermestock/HermestockApplication.class]
09:31:33.693 [Test worker] INFO org.springframework.boot.test.context.SpringBootTestContextBootstrapper - Found @SpringBootConfiguration com.hermes.hermestock.HermestockApplication for test class com.hermes.hermestock.HermestockApplicationTests
09:31:33.788 [Test worker] DEBUG org.springframework.boot.test.context.SpringBootTestContextBootstrapper - @TestExecutionListeners is not present for class [com.hermes.hermestock.HermestockApplicationTests]: using defaults.
09:31:33.789 [Test worker] INFO org.springframework.boot.test.context.SpringBootTestContextBootstrapper - Loaded default TestExecutionListener class names from location [META-INF/spring.factories]: [org.springframework.boot.test.autoconfigure.restdocs.RestDocsTestExecutionListener, org.springframework.boot.test.autoconfigure.web.client.MockRestServiceServerResetTestExecutionListener, org.springframework.boot.test.autoconfigure.web.servlet.MockMvcPrintOnlyOnFailureTestExecutionListener, org.springframework.boot.test.autoconfigure.web.servlet.WebDriverTestExecutionListener, org.springframework.boot.test.autoconfigure.webservices.client.MockWebServiceServerTestExecutionListener, org.springframework.boot.test.mock.mockito.MockitoTestExecutionListener, org.springframework.boot.test.mock.mockito.ResetMocksTestExecutionListener, org.springframework.test.context.web.ServletTestExecutionListener, org.springframework.test.context.support.DirtiesContextBeforeModesTestExecutionListener, org.springframework.test.context.event.ApplicationEventsTestExecutionListener, org.springframework.test.context.support.DependencyInjectionTestExecutionListener, org.springframework.test.context.support.DirtiesContextTestExecutionListener, org.springframework.test.context.transaction.TransactionalTestExecutionListener, org.springframework.test.context.jdbc.SqlScriptsTestExecutionListener, org.springframework.test.context.event.EventPublishingTestExecutionListener]
09:31:33.823 [Test worker] INFO org.springframework.boot.test.context.SpringBootTestContextBootstrapper - Using TestExecutionListeners: [org.springframework.test.context.web.ServletTestExecutionListener@22680f52, org.springframework.test.context.support.DirtiesContextBeforeModesTestExecutionListener@60d84f61, org.springframework.test.context.event.ApplicationEventsTestExecutionListener@39c11e6c, org.springframework.boot.test.mock.mockito.MockitoTestExecutionListener@324dcd31, org.springframework.boot.test.autoconfigure.SpringBootDependencyInjectionTestExecutionListener@503d56b5, org.springframework.test.context.support.DirtiesContextTestExecutionListener@72bca894, org.springframework.test.context.transaction.TransactionalTestExecutionListener@433ffad1, org.springframework.test.context.jdbc.SqlScriptsTestExecutionListener@1fc793c2, org.springframework.test.context.event.EventPublishingTestExecutionListener@2575f671, org.springframework.boot.test.autoconfigure.restdocs.RestDocsTestExecutionListener@329a1243, org.springframework.boot.test.autoconfigure.web.client.MockRestServiceServerResetTestExecutionListener@ecf9fb3, org.springframework.boot.test.autoconfigure.web.servlet.MockMvcPrintOnlyOnFailureTestExecutionListener@2d35442b, org.springframework.boot.test.autoconfigure.web.servlet.WebDriverTestExecutionListener@27f9e982, org.springframework.boot.test.autoconfigure.webservices.client.MockWebServiceServerTestExecutionListener@4593ff34, org.springframework.boot.test.mock.mockito.ResetMocksTestExecutionListener@37d3d232]
09:31:33.828 [Test worker] DEBUG org.springframework.test.context.support.AbstractDirtiesContextTestExecutionListener - Before test class: context [DefaultTestContext@7048f722 testClass = HermestockApplicationTests, testInstance = [null], testMethod = [null], testException = [null], mergedContextConfiguration = [WebMergedContextConfiguration@c074c0c testClass = HermestockApplicationTests, locations = '{}', classes = '{class com.hermes.hermestock.HermestockApplication}', contextInitializerClasses = '[]', activeProfiles = '{}', propertySourceLocations = '{}', propertySourceProperties = '{org.springframework.boot.test.context.SpringBootTestContextBootstrapper=true}', contextCustomizers = set[org.springframework.boot.test.autoconfigure.actuate.metrics.MetricsExportContextCustomizerFactory$DisableMetricExportContextCustomizer@4b3a45f1, org.springframework.boot.test.autoconfigure.properties.PropertyMappingContextCustomizer@0, org.springframework.boot.test.autoconfigure.web.servlet.WebDriverContextCustomizerFactory$Customizer@1a7288a3, org.springframework.boot.test.context.filter.ExcludeFilterContextCustomizer@68b6f0d6, org.springframework.boot.test.json.DuplicateJsonObjectContextCustomizerFactory$DuplicateJsonObjectContextCustomizer@36f48b4, org.springframework.boot.test.mock.mockito.MockitoContextCustomizer@0, org.springframework.boot.test.web.client.TestRestTemplateContextCustomizer@a5bd950, org.springframework.boot.test.context.SpringBootTestArgs@1, org.springframework.boot.test.context.SpringBootTestWebEnvironment@3214ee6], resourceBasePath = 'src/main/webapp', contextLoader = 'org.springframework.boot.test.context.SpringBootContextLoader', parent = [null]], attributes = map['org.springframework.test.context.web.ServletTestExecutionListener.activateListener' -> true]], class annotated with @DirtiesContext [false] with mode [null].

  .   ____          _            __ _ _
 /\\ / ___'_ __ _ _(_)_ __  __ _ \ \ \ \
( ( )\___ | '_ | '_| | '_ \/ _` | \ \ \ \
 \\/  ___)| |_)| | | | | || (_| |  ) ) ) )
  '  |____| .__|_| |_|_| |_\__, | / / / /
 =========|_|==============|___/=/_/_/_/
 :: Spring Boot ::                (v2.6.3)

2022-05-10 09:31:34.333  INFO 73844 --- [    Test worker] c.h.h.HermestockApplicationTests         : Starting HermestockApplicationTests using Java 11.0.13 on A201808029-02.local with PID 73844 (started by a201808029 in /Users/a201808029/sandbox/java/hermestock)
2022-05-10 09:31:34.334  INFO 73844 --- [    Test worker] c.h.h.HermestockApplicationTests         : No active profile set, falling back to default profiles: default
2022-05-10 09:31:35.089  INFO 73844 --- [    Test worker] .s.d.r.c.RepositoryConfigurationDelegate : Bootstrapping Spring Data JPA repositories in DEFAULT mode.
2022-05-10 09:31:35.140  INFO 73844 --- [    Test worker] .s.d.r.c.RepositoryConfigurationDelegate : Finished Spring Data repository scanning in 43 ms. Found 2 JPA repository interfaces.
2022-05-10 09:31:35.776  INFO 73844 --- [    Test worker] o.hibernate.jpa.internal.util.LogHelper  : HHH000204: Processing PersistenceUnitInfo [name: default]
2022-05-10 09:31:35.819  INFO 73844 --- [    Test worker] org.hibernate.Version                    : HHH000412: Hibernate ORM core version 5.6.4.Final
2022-05-10 09:31:36.003  INFO 73844 --- [    Test worker] o.hibernate.annotations.common.Version   : HCANN000001: Hibernate Commons Annotations {5.1.2.Final}
2022-05-10 09:31:36.030 DEBUG 73844 --- [    Test worker] org.hibernate.type.BasicTypeRegistry     : Adding type registration boolean -> org.hibernate.type.BooleanType@2fac80a8
2022-05-10 09:31:36.030 DEBUG 73844 --- [    Test worker] org.hibernate.type.BasicTypeRegistry     : Adding type registration boolean -> org.hibernate.type.BooleanType@2fac80a8
2022-05-10 09:31:36.031 DEBUG 73844 --- [    Test worker] org.hibernate.type.BasicTypeRegistry     : Adding type registration java.lang.Boolean -> org.hibernate.type.BooleanType@2fac80a8
2022-05-10 09:31:36.031 DEBUG 73844 --- [    Test worker] org.hibernate.type.BasicTypeRegistry     : Adding type registration numeric_boolean -> org.hibernate.type.NumericBooleanType@4af12a63
2022-05-10 09:31:36.032 DEBUG 73844 --- [    Test worker] org.hibernate.type.BasicTypeRegistry     : Adding type registration true_false -> org.hibernate.type.TrueFalseType@2a1e57c6
2022-05-10 09:31:36.032 DEBUG 73844 --- [    Test worker] org.hibernate.type.BasicTypeRegistry     : Adding type registration yes_no -> org.hibernate.type.YesNoType@2353354a
2022-05-10 09:31:36.033 DEBUG 73844 --- [    Test worker] org.hibernate.type.BasicTypeRegistry     : Adding type registration byte -> org.hibernate.type.ByteType@d0b814d
2022-05-10 09:31:36.033 DEBUG 73844 --- [    Test worker] org.hibernate.type.BasicTypeRegistry     : Adding type registration byte -> org.hibernate.type.ByteType@d0b814d
2022-05-10 09:31:36.033 DEBUG 73844 --- [    Test worker] org.hibernate.type.BasicTypeRegistry     : Adding type registration java.lang.Byte -> org.hibernate.type.ByteType@d0b814d
2022-05-10 09:31:36.034 DEBUG 73844 --- [    Test worker] org.hibernate.type.BasicTypeRegistry     : Adding type registration character -> org.hibernate.type.CharacterType@1ac0cdb0
2022-05-10 09:31:36.034 DEBUG 73844 --- [    Test worker] org.hibernate.type.BasicTypeRegistry     : Adding type registration char -> org.hibernate.type.CharacterType@1ac0cdb0
2022-05-10 09:31:36.034 DEBUG 73844 --- [    Test worker] org.hibernate.type.BasicTypeRegistry     : Adding type registration java.lang.Character -> org.hibernate.type.CharacterType@1ac0cdb0
2022-05-10 09:31:36.035 DEBUG 73844 --- [    Test worker] org.hibernate.type.BasicTypeRegistry     : Adding type registration short -> org.hibernate.type.ShortType@74f4a2ba
2022-05-10 09:31:36.035 DEBUG 73844 --- [    Test worker] org.hibernate.type.BasicTypeRegistry     : Adding type registration short -> org.hibernate.type.ShortType@74f4a2ba
2022-05-10 09:31:36.035 DEBUG 73844 --- [    Test worker] org.hibernate.type.BasicTypeRegistry     : Adding type registration java.lang.Short -> org.hibernate.type.ShortType@74f4a2ba
2022-05-10 09:31:36.036 DEBUG 73844 --- [    Test worker] org.hibernate.type.BasicTypeRegistry     : Adding type registration integer -> org.hibernate.type.IntegerType@6e2eead5
2022-05-10 09:31:36.036 DEBUG 73844 --- [    Test worker] org.hibernate.type.BasicTypeRegistry     : Adding type registration int -> org.hibernate.type.IntegerType@6e2eead5
2022-05-10 09:31:36.036 DEBUG 73844 --- [    Test worker] org.hibernate.type.BasicTypeRegistry     : Adding type registration java.lang.Integer -> org.hibernate.type.IntegerType@6e2eead5
2022-05-10 09:31:36.037 DEBUG 73844 --- [    Test worker] org.hibernate.type.BasicTypeRegistry     : Adding type registration long -> org.hibernate.type.LongType@6fd1ea75
2022-05-10 09:31:36.037 DEBUG 73844 --- [    Test worker] org.hibernate.type.BasicTypeRegistry     : Adding type registration long -> org.hibernate.type.LongType@6fd1ea75
2022-05-10 09:31:36.038 DEBUG 73844 --- [    Test worker] org.hibernate.type.BasicTypeRegistry     : Adding type registration java.lang.Long -> org.hibernate.type.LongType@6fd1ea75
2022-05-10 09:31:36.039 DEBUG 73844 --- [    Test worker] org.hibernate.type.BasicTypeRegistry     : Adding type registration float -> org.hibernate.type.FloatType@489f62a3
2022-05-10 09:31:36.039 DEBUG 73844 --- [    Test worker] org.hibernate.type.BasicTypeRegistry     : Adding type registration float -> org.hibernate.type.FloatType@489f62a3
2022-05-10 09:31:36.039 DEBUG 73844 --- [    Test worker] org.hibernate.type.BasicTypeRegistry     : Adding type registration java.lang.Float -> org.hibernate.type.FloatType@489f62a3
2022-05-10 09:31:36.040 DEBUG 73844 --- [    Test worker] org.hibernate.type.BasicTypeRegistry     : Adding type registration double -> org.hibernate.type.DoubleType@36df4c26
2022-05-10 09:31:36.040 DEBUG 73844 --- [    Test worker] org.hibernate.type.BasicTypeRegistry     : Adding type registration double -> org.hibernate.type.DoubleType@36df4c26
2022-05-10 09:31:36.040 DEBUG 73844 --- [    Test worker] org.hibernate.type.BasicTypeRegistry     : Adding type registration java.lang.Double -> org.hibernate.type.DoubleType@36df4c26
2022-05-10 09:31:36.041 DEBUG 73844 --- [    Test worker] org.hibernate.type.BasicTypeRegistry     : Adding type registration big_decimal -> org.hibernate.type.BigDecimalType@6a4af081
2022-05-10 09:31:36.041 DEBUG 73844 --- [    Test worker] org.hibernate.type.BasicTypeRegistry     : Adding type registration java.math.BigDecimal -> org.hibernate.type.BigDecimalType@6a4af081
2022-05-10 09:31:36.043 DEBUG 73844 --- [    Test worker] org.hibernate.type.BasicTypeRegistry     : Adding type registration big_integer -> org.hibernate.type.BigIntegerType@62b0bf85
2022-05-10 09:31:36.043 DEBUG 73844 --- [    Test worker] org.hibernate.type.BasicTypeRegistry     : Adding type registration java.math.BigInteger -> org.hibernate.type.BigIntegerType@62b0bf85
2022-05-10 09:31:36.044 DEBUG 73844 --- [    Test worker] org.hibernate.type.BasicTypeRegistry     : Adding type registration string -> org.hibernate.type.StringType@223967ea
2022-05-10 09:31:36.044 DEBUG 73844 --- [    Test worker] org.hibernate.type.BasicTypeRegistry     : Adding type registration java.lang.String -> org.hibernate.type.StringType@223967ea
2022-05-10 09:31:36.044 DEBUG 73844 --- [    Test worker] org.hibernate.type.BasicTypeRegistry     : Adding type registration nstring -> org.hibernate.type.StringNVarcharType@3a861417
2022-05-10 09:31:36.046 DEBUG 73844 --- [    Test worker] org.hibernate.type.BasicTypeRegistry     : Adding type registration ncharacter -> org.hibernate.type.CharacterNCharType@16ac4d3d
2022-05-10 09:31:36.048 DEBUG 73844 --- [    Test worker] org.hibernate.type.BasicTypeRegistry     : Adding type registration url -> org.hibernate.type.UrlType@1c2d63f0
2022-05-10 09:31:36.048 DEBUG 73844 --- [    Test worker] org.hibernate.type.BasicTypeRegistry     : Adding type registration java.net.URL -> org.hibernate.type.UrlType@1c2d63f0
2022-05-10 09:31:36.049 DEBUG 73844 --- [    Test worker] org.hibernate.type.BasicTypeRegistry     : Adding type registration Duration -> org.hibernate.type.DurationType@59e082f8
2022-05-10 09:31:36.050 DEBUG 73844 --- [    Test worker] org.hibernate.type.BasicTypeRegistry     : Adding type registration java.time.Duration -> org.hibernate.type.DurationType@59e082f8
2022-05-10 09:31:36.051 DEBUG 73844 --- [    Test worker] org.hibernate.type.BasicTypeRegistry     : Adding type registration Instant -> org.hibernate.type.InstantType@451816fd
2022-05-10 09:31:36.051 DEBUG 73844 --- [    Test worker] org.hibernate.type.BasicTypeRegistry     : Adding type registration java.time.Instant -> org.hibernate.type.InstantType@451816fd
2022-05-10 09:31:36.052 DEBUG 73844 --- [    Test worker] org.hibernate.type.BasicTypeRegistry     : Adding type registration LocalDateTime -> org.hibernate.type.LocalDateTimeType@4d67d5a4
2022-05-10 09:31:36.053 DEBUG 73844 --- [    Test worker] org.hibernate.type.BasicTypeRegistry     : Adding type registration java.time.LocalDateTime -> org.hibernate.type.LocalDateTimeType@4d67d5a4
2022-05-10 09:31:36.054 DEBUG 73844 --- [    Test worker] org.hibernate.type.BasicTypeRegistry     : Adding type registration LocalDate -> org.hibernate.type.LocalDateType@71dd4624
2022-05-10 09:31:36.054 DEBUG 73844 --- [    Test worker] org.hibernate.type.BasicTypeRegistry     : Adding type registration java.time.LocalDate -> org.hibernate.type.LocalDateType@71dd4624
2022-05-10 09:31:36.055 DEBUG 73844 --- [    Test worker] org.hibernate.type.BasicTypeRegistry     : Adding type registration LocalTime -> org.hibernate.type.LocalTimeType@349f0ca4
2022-05-10 09:31:36.056 DEBUG 73844 --- [    Test worker] org.hibernate.type.BasicTypeRegistry     : Adding type registration java.time.LocalTime -> org.hibernate.type.LocalTimeType@349f0ca4
2022-05-10 09:31:36.057 DEBUG 73844 --- [    Test worker] org.hibernate.type.BasicTypeRegistry     : Adding type registration OffsetDateTime -> org.hibernate.type.OffsetDateTimeType@668a32a4
2022-05-10 09:31:36.057 DEBUG 73844 --- [    Test worker] org.hibernate.type.BasicTypeRegistry     : Adding type registration java.time.OffsetDateTime -> org.hibernate.type.OffsetDateTimeType@668a32a4
2022-05-10 09:31:36.058 DEBUG 73844 --- [    Test worker] org.hibernate.type.BasicTypeRegistry     : Adding type registration OffsetTime -> org.hibernate.type.OffsetTimeType@e2b3026
2022-05-10 09:31:36.059 DEBUG 73844 --- [    Test worker] org.hibernate.type.BasicTypeRegistry     : Adding type registration java.time.OffsetTime -> org.hibernate.type.OffsetTimeType@e2b3026
2022-05-10 09:31:36.063 DEBUG 73844 --- [    Test worker] org.hibernate.type.BasicTypeRegistry     : Adding type registration ZonedDateTime -> org.hibernate.type.ZonedDateTimeType@7cc1f72c
2022-05-10 09:31:36.064 DEBUG 73844 --- [    Test worker] org.hibernate.type.BasicTypeRegistry     : Adding type registration java.time.ZonedDateTime -> org.hibernate.type.ZonedDateTimeType@7cc1f72c
2022-05-10 09:31:36.065 DEBUG 73844 --- [    Test worker] org.hibernate.type.BasicTypeRegistry     : Adding type registration date -> org.hibernate.type.DateType@26d40c77
2022-05-10 09:31:36.065 DEBUG 73844 --- [    Test worker] org.hibernate.type.BasicTypeRegistry     : Adding type registration java.sql.Date -> org.hibernate.type.DateType@26d40c77
2022-05-10 09:31:36.066 DEBUG 73844 --- [    Test worker] org.hibernate.type.BasicTypeRegistry     : Adding type registration time -> org.hibernate.type.TimeType@2d74cbbd
2022-05-10 09:31:36.066 DEBUG 73844 --- [    Test worker] org.hibernate.type.BasicTypeRegistry     : Adding type registration java.sql.Time -> org.hibernate.type.TimeType@2d74cbbd
2022-05-10 09:31:36.066 DEBUG 73844 --- [    Test worker] org.hibernate.type.BasicTypeRegistry     : Adding type registration timestamp -> org.hibernate.type.TimestampType@44384b4a
2022-05-10 09:31:36.067 DEBUG 73844 --- [    Test worker] org.hibernate.type.BasicTypeRegistry     : Adding type registration java.sql.Timestamp -> org.hibernate.type.TimestampType@44384b4a
2022-05-10 09:31:36.067 DEBUG 73844 --- [    Test worker] org.hibernate.type.BasicTypeRegistry     : Adding type registration java.util.Date -> org.hibernate.type.TimestampType@44384b4a
2022-05-10 09:31:36.068 DEBUG 73844 --- [    Test worker] org.hibernate.type.BasicTypeRegistry     : Adding type registration dbtimestamp -> org.hibernate.type.DbTimestampType@7d88fa9c
2022-05-10 09:31:36.069 DEBUG 73844 --- [    Test worker] org.hibernate.type.BasicTypeRegistry     : Adding type registration calendar -> org.hibernate.type.CalendarType@9f0fc36
2022-05-10 09:31:36.069 DEBUG 73844 --- [    Test worker] org.hibernate.type.BasicTypeRegistry     : Adding type registration java.util.Calendar -> org.hibernate.type.CalendarType@9f0fc36
2022-05-10 09:31:36.069 DEBUG 73844 --- [    Test worker] org.hibernate.type.BasicTypeRegistry     : Adding type registration java.util.GregorianCalendar -> org.hibernate.type.CalendarType@9f0fc36
2022-05-10 09:31:36.070 DEBUG 73844 --- [    Test worker] org.hibernate.type.BasicTypeRegistry     : Adding type registration calendar_date -> org.hibernate.type.CalendarDateType@7e848aea
2022-05-10 09:31:36.071 DEBUG 73844 --- [    Test worker] org.hibernate.type.BasicTypeRegistry     : Adding type registration calendar_time -> org.hibernate.type.CalendarTimeType@3375b118
2022-05-10 09:31:36.071 DEBUG 73844 --- [    Test worker] org.hibernate.type.BasicTypeRegistry     : Adding type registration locale -> org.hibernate.type.LocaleType@52ca0ad4
2022-05-10 09:31:36.072 DEBUG 73844 --- [    Test worker] org.hibernate.type.BasicTypeRegistry     : Adding type registration java.util.Locale -> org.hibernate.type.LocaleType@52ca0ad4
2022-05-10 09:31:36.072 DEBUG 73844 --- [    Test worker] org.hibernate.type.BasicTypeRegistry     : Adding type registration currency -> org.hibernate.type.CurrencyType@4438b862
2022-05-10 09:31:36.072 DEBUG 73844 --- [    Test worker] org.hibernate.type.BasicTypeRegistry     : Adding type registration java.util.Currency -> org.hibernate.type.CurrencyType@4438b862
2022-05-10 09:31:36.073 DEBUG 73844 --- [    Test worker] org.hibernate.type.BasicTypeRegistry     : Adding type registration timezone -> org.hibernate.type.TimeZoneType@1736c1e4
2022-05-10 09:31:36.074 DEBUG 73844 --- [    Test worker] org.hibernate.type.BasicTypeRegistry     : Adding type registration java.util.TimeZone -> org.hibernate.type.TimeZoneType@1736c1e4
2022-05-10 09:31:36.074 DEBUG 73844 --- [    Test worker] org.hibernate.type.BasicTypeRegistry     : Adding type registration class -> org.hibernate.type.ClassType@7e77678c
2022-05-10 09:31:36.075 DEBUG 73844 --- [    Test worker] org.hibernate.type.BasicTypeRegistry     : Adding type registration java.lang.Class -> org.hibernate.type.ClassType@7e77678c
2022-05-10 09:31:36.076 DEBUG 73844 --- [    Test worker] org.hibernate.type.BasicTypeRegistry     : Adding type registration uuid-binary -> org.hibernate.type.UUIDBinaryType@3686389
2022-05-10 09:31:36.076 DEBUG 73844 --- [    Test worker] org.hibernate.type.BasicTypeRegistry     : Adding type registration java.util.UUID -> org.hibernate.type.UUIDBinaryType@3686389
2022-05-10 09:31:36.076 DEBUG 73844 --- [    Test worker] org.hibernate.type.BasicTypeRegistry     : Adding type registration uuid-char -> org.hibernate.type.UUIDCharType@775f15fd
2022-05-10 09:31:36.077 DEBUG 73844 --- [    Test worker] org.hibernate.type.BasicTypeRegistry     : Adding type registration binary -> org.hibernate.type.BinaryType@75839695
2022-05-10 09:31:36.078 DEBUG 73844 --- [    Test worker] org.hibernate.type.BasicTypeRegistry     : Adding type registration byte[] -> org.hibernate.type.BinaryType@75839695
2022-05-10 09:31:36.078 DEBUG 73844 --- [    Test worker] org.hibernate.type.BasicTypeRegistry     : Adding type registration [B -> org.hibernate.type.BinaryType@75839695
2022-05-10 09:31:36.079 DEBUG 73844 --- [    Test worker] org.hibernate.type.BasicTypeRegistry     : Adding type registration wrapper-binary -> org.hibernate.type.WrapperBinaryType@55951fcd
2022-05-10 09:31:36.079 DEBUG 73844 --- [    Test worker] org.hibernate.type.BasicTypeRegistry     : Adding type registration Byte[] -> org.hibernate.type.WrapperBinaryType@55951fcd
2022-05-10 09:31:36.079 DEBUG 73844 --- [    Test worker] org.hibernate.type.BasicTypeRegistry     : Adding type registration [Ljava.lang.Byte; -> org.hibernate.type.WrapperBinaryType@55951fcd
2022-05-10 09:31:36.080 DEBUG 73844 --- [    Test worker] org.hibernate.type.BasicTypeRegistry     : Adding type registration row_version -> org.hibernate.type.RowVersionType@2ff498b0
2022-05-10 09:31:36.081 DEBUG 73844 --- [    Test worker] org.hibernate.type.BasicTypeRegistry     : Adding type registration image -> org.hibernate.type.ImageType@547aaa32
2022-05-10 09:31:36.082 DEBUG 73844 --- [    Test worker] org.hibernate.type.BasicTypeRegistry     : Adding type registration characters -> org.hibernate.type.CharArrayType@65e4cb84
2022-05-10 09:31:36.082 DEBUG 73844 --- [    Test worker] org.hibernate.type.BasicTypeRegistry     : Adding type registration char[] -> org.hibernate.type.CharArrayType@65e4cb84
2022-05-10 09:31:36.082 DEBUG 73844 --- [    Test worker] org.hibernate.type.BasicTypeRegistry     : Adding type registration [C -> org.hibernate.type.CharArrayType@65e4cb84
2022-05-10 09:31:36.083 DEBUG 73844 --- [    Test worker] org.hibernate.type.BasicTypeRegistry     : Adding type registration wrapper-characters -> org.hibernate.type.CharacterArrayType@b55f5b7
2022-05-10 09:31:36.084 DEBUG 73844 --- [    Test worker] org.hibernate.type.BasicTypeRegistry     : Adding type registration [Ljava.lang.Character; -> org.hibernate.type.CharacterArrayType@b55f5b7
2022-05-10 09:31:36.084 DEBUG 73844 --- [    Test worker] org.hibernate.type.BasicTypeRegistry     : Adding type registration Character[] -> org.hibernate.type.CharacterArrayType@b55f5b7
2022-05-10 09:31:36.084 DEBUG 73844 --- [    Test worker] org.hibernate.type.BasicTypeRegistry     : Adding type registration text -> org.hibernate.type.TextType@4b5ad306
2022-05-10 09:31:36.085 DEBUG 73844 --- [    Test worker] org.hibernate.type.BasicTypeRegistry     : Adding type registration ntext -> org.hibernate.type.NTextType@9f9146d
2022-05-10 09:31:36.086 DEBUG 73844 --- [    Test worker] org.hibernate.type.BasicTypeRegistry     : Adding type registration blob -> org.hibernate.type.BlobType@376af784
2022-05-10 09:31:36.087 DEBUG 73844 --- [    Test worker] org.hibernate.type.BasicTypeRegistry     : Adding type registration java.sql.Blob -> org.hibernate.type.BlobType@376af784
2022-05-10 09:31:36.087 DEBUG 73844 --- [    Test worker] org.hibernate.type.BasicTypeRegistry     : Adding type registration materialized_blob -> org.hibernate.type.MaterializedBlobType@203765b2
2022-05-10 09:31:36.090 DEBUG 73844 --- [    Test worker] org.hibernate.type.BasicTypeRegistry     : Adding type registration clob -> org.hibernate.type.ClobType@7e2bd5e6
2022-05-10 09:31:36.090 DEBUG 73844 --- [    Test worker] org.hibernate.type.BasicTypeRegistry     : Adding type registration java.sql.Clob -> org.hibernate.type.ClobType@7e2bd5e6
2022-05-10 09:31:36.091 DEBUG 73844 --- [    Test worker] org.hibernate.type.BasicTypeRegistry     : Adding type registration nclob -> org.hibernate.type.NClobType@1a17dd6f
2022-05-10 09:31:36.092 DEBUG 73844 --- [    Test worker] org.hibernate.type.BasicTypeRegistry     : Adding type registration java.sql.NClob -> org.hibernate.type.NClobType@1a17dd6f
2022-05-10 09:31:36.092 DEBUG 73844 --- [    Test worker] org.hibernate.type.BasicTypeRegistry     : Adding type registration materialized_clob -> org.hibernate.type.MaterializedClobType@5ab63a04
2022-05-10 09:31:36.092 DEBUG 73844 --- [    Test worker] org.hibernate.type.BasicTypeRegistry     : Adding type registration materialized_nclob -> org.hibernate.type.MaterializedNClobType@2ae5bd34
2022-05-10 09:31:36.094 DEBUG 73844 --- [    Test worker] org.hibernate.type.BasicTypeRegistry     : Adding type registration serializable -> org.hibernate.type.SerializableType@645dc557
2022-05-10 09:31:36.098 DEBUG 73844 --- [    Test worker] org.hibernate.type.BasicTypeRegistry     : Adding type registration object -> org.hibernate.type.ObjectType@5112b7
2022-05-10 09:31:36.098 DEBUG 73844 --- [    Test worker] org.hibernate.type.BasicTypeRegistry     : Adding type registration java.lang.Object -> org.hibernate.type.ObjectType@5112b7
2022-05-10 09:31:36.098 DEBUG 73844 --- [    Test worker] org.hibernate.type.BasicTypeRegistry     : Adding type registration imm_date -> org.hibernate.type.AdaptedImmutableType@14be750c
2022-05-10 09:31:36.099 DEBUG 73844 --- [    Test worker] org.hibernate.type.BasicTypeRegistry     : Adding type registration imm_time -> org.hibernate.type.AdaptedImmutableType@58882a93
2022-05-10 09:31:36.099 DEBUG 73844 --- [    Test worker] org.hibernate.type.BasicTypeRegistry     : Adding type registration imm_timestamp -> org.hibernate.type.AdaptedImmutableType@15e08615
2022-05-10 09:31:36.099 DEBUG 73844 --- [    Test worker] org.hibernate.type.BasicTypeRegistry     : Adding type registration imm_dbtimestamp -> org.hibernate.type.AdaptedImmutableType@19dac2d6
2022-05-10 09:31:36.099 DEBUG 73844 --- [    Test worker] org.hibernate.type.BasicTypeRegistry     : Adding type registration imm_calendar -> org.hibernate.type.AdaptedImmutableType@7e2bc2f4
2022-05-10 09:31:36.099 DEBUG 73844 --- [    Test worker] org.hibernate.type.BasicTypeRegistry     : Adding type registration imm_calendar_date -> org.hibernate.type.AdaptedImmutableType@67eeb310
2022-05-10 09:31:36.099 DEBUG 73844 --- [    Test worker] org.hibernate.type.BasicTypeRegistry     : Adding type registration imm_binary -> org.hibernate.type.AdaptedImmutableType@76af51d6
2022-05-10 09:31:36.099 DEBUG 73844 --- [    Test worker] org.hibernate.type.BasicTypeRegistry     : Adding type registration imm_serializable -> org.hibernate.type.AdaptedImmutableType@39ace1a7
2022-05-10 09:31:36.153  INFO 73844 --- [    Test worker] com.zaxxer.hikari.HikariDataSource       : HikariCP - Starting...
2022-05-10 09:31:36.506  INFO 73844 --- [    Test worker] com.zaxxer.hikari.HikariDataSource       : HikariCP - Start completed.
2022-05-10 09:31:36.527  INFO 73844 --- [    Test worker] org.hibernate.dialect.Dialect            : HHH000400: Using dialect: org.hibernate.dialect.H2Dialect
2022-05-10 09:31:36.990 DEBUG 73844 --- [    Test worker] o.h.type.spi.TypeConfiguration$Scope     : Scoping TypeConfiguration [org.hibernate.type.spi.TypeConfiguration@7d12429] to MetadataBuildingContext [org.hibernate.boot.internal.MetadataBuildingContextRootImpl@14656be5]
2022-05-10 09:31:37.297 DEBUG 73844 --- [    Test worker] o.h.type.spi.TypeConfiguration$Scope     : Scoping TypeConfiguration [org.hibernate.type.spi.TypeConfiguration@7d12429] to SessionFactoryImpl [org.hibernate.internal.SessionFactoryImpl@5fe3b058]
2022-05-10 09:31:37.691  INFO 73844 --- [    Test worker] o.h.e.t.j.p.i.JtaPlatformInitiator       : HHH000490: Using JtaPlatform implementation: [org.hibernate.engine.transaction.jta.platform.internal.NoJtaPlatform]
2022-05-10 09:31:37.700 TRACE 73844 --- [    Test worker] o.h.type.spi.TypeConfiguration$Scope     : Handling #sessionFactoryCreated from [org.hibernate.internal.SessionFactoryImpl@5fe3b058] for TypeConfiguration
2022-05-10 09:31:37.702  INFO 73844 --- [    Test worker] j.LocalContainerEntityManagerFactoryBean : Initialized JPA EntityManagerFactory for persistence unit 'default'
2022-05-10 09:31:37.706  INFO 73844 --- [    Test worker] f.a.AutowiredAnnotationBeanPostProcessor : Autowired annotation is not supported on static methods: public static void com.hermes.hermestock.HermestockApplication.main(java.lang.String[])
2022-05-10 09:31:38.754  INFO 73844 --- [    Test worker] o.s.b.a.w.s.WelcomePageHandlerMapping    : Adding welcome page: class path resource [static/index.html]
09:31:39.107494
2022-05-10 09:31:39.111  INFO 73844 --- [    Test worker] c.h.h.HermestockApplicationTests         : Started HermestockApplicationTests in 5.226 seconds (JVM running for 6.669)
]]></system-out>
  <system-err><![CDATA[]]></system-err>
</testsuite>
