<?xml version="1.0" encoding="UTF-8"?>
<testsuite name="com.hermes.hermestock.HermestockApplicationTests" tests="1" skipped="0" failures="0" errors="0" timestamp="2022-05-25T07:16:02" hostname="A201808029-02.local" time="0.097">
  <properties/>
  <testcase name="contextLoads()" classname="com.hermes.hermestock.HermestockApplicationTests" time="0.097"/>
  <system-out><![CDATA[16:15:58.455 [Test worker] DEBUG org.springframework.test.context.BootstrapUtils - Instantiating CacheAwareContextLoaderDelegate from class [org.springframework.test.context.cache.DefaultCacheAwareContextLoaderDelegate]
16:15:58.463 [Test worker] DEBUG org.springframework.test.context.BootstrapUtils - Instantiating BootstrapContext using constructor [public org.springframework.test.context.support.DefaultBootstrapContext(java.lang.Class,org.springframework.test.context.CacheAwareContextLoaderDelegate)]
16:15:58.492 [Test worker] DEBUG org.springframework.test.context.BootstrapUtils - Instantiating TestContextBootstrapper for test class [com.hermes.hermestock.HermestockApplicationTests] from class [org.springframework.boot.test.context.SpringBootTestContextBootstrapper]
16:15:58.503 [Test worker] INFO org.springframework.boot.test.context.SpringBootTestContextBootstrapper - Neither @ContextConfiguration nor @ContextHierarchy found for test class [com.hermes.hermestock.HermestockApplicationTests], using SpringBootContextLoader
16:15:58.507 [Test worker] DEBUG org.springframework.test.context.support.AbstractContextLoader - Did not detect default resource location for test class [com.hermes.hermestock.HermestockApplicationTests]: class path resource [com/hermes/hermestock/HermestockApplicationTests-context.xml] does not exist
16:15:58.508 [Test worker] DEBUG org.springframework.test.context.support.AbstractContextLoader - Did not detect default resource location for test class [com.hermes.hermestock.HermestockApplicationTests]: class path resource [com/hermes/hermestock/HermestockApplicationTestsContext.groovy] does not exist
16:15:58.508 [Test worker] INFO org.springframework.test.context.support.AbstractContextLoader - Could not detect default resource locations for test class [com.hermes.hermestock.HermestockApplicationTests]: no resource found for suffixes {-context.xml, Context.groovy}.
16:15:58.509 [Test worker] INFO org.springframework.test.context.support.AnnotationConfigContextLoaderUtils - Could not detect default configuration classes for test class [com.hermes.hermestock.HermestockApplicationTests]: HermestockApplicationTests does not declare any static, non-private, non-final, nested classes annotated with @Configuration.
16:15:58.549 [Test worker] DEBUG org.springframework.test.context.support.ActiveProfilesUtils - Could not find an 'annotation declaring class' for annotation type [org.springframework.test.context.ActiveProfiles] and class [com.hermes.hermestock.HermestockApplicationTests]
16:15:58.595 [Test worker] DEBUG org.springframework.context.annotation.ClassPathScanningCandidateComponentProvider - Identified candidate component class: file [/Users/a201808029/sandbox/java/hermestock/build/classes/java/main/com/hermes/hermestock/HermestockApplication.class]
16:15:58.596 [Test worker] INFO org.springframework.boot.test.context.SpringBootTestContextBootstrapper - Found @SpringBootConfiguration com.hermes.hermestock.HermestockApplication for test class com.hermes.hermestock.HermestockApplicationTests
16:15:58.670 [Test worker] DEBUG org.springframework.boot.test.context.SpringBootTestContextBootstrapper - @TestExecutionListeners is not present for class [com.hermes.hermestock.HermestockApplicationTests]: using defaults.
16:15:58.671 [Test worker] INFO org.springframework.boot.test.context.SpringBootTestContextBootstrapper - Loaded default TestExecutionListener class names from location [META-INF/spring.factories]: [org.springframework.boot.test.autoconfigure.restdocs.RestDocsTestExecutionListener, org.springframework.boot.test.autoconfigure.web.client.MockRestServiceServerResetTestExecutionListener, org.springframework.boot.test.autoconfigure.web.servlet.MockMvcPrintOnlyOnFailureTestExecutionListener, org.springframework.boot.test.autoconfigure.web.servlet.WebDriverTestExecutionListener, org.springframework.boot.test.autoconfigure.webservices.client.MockWebServiceServerTestExecutionListener, org.springframework.boot.test.mock.mockito.MockitoTestExecutionListener, org.springframework.boot.test.mock.mockito.ResetMocksTestExecutionListener, org.springframework.test.context.web.ServletTestExecutionListener, org.springframework.test.context.support.DirtiesContextBeforeModesTestExecutionListener, org.springframework.test.context.event.ApplicationEventsTestExecutionListener, org.springframework.test.context.support.DependencyInjectionTestExecutionListener, org.springframework.test.context.support.DirtiesContextTestExecutionListener, org.springframework.test.context.transaction.TransactionalTestExecutionListener, org.springframework.test.context.jdbc.SqlScriptsTestExecutionListener, org.springframework.test.context.event.EventPublishingTestExecutionListener]
16:15:58.688 [Test worker] INFO org.springframework.boot.test.context.SpringBootTestContextBootstrapper - Using TestExecutionListeners: [org.springframework.test.context.web.ServletTestExecutionListener@60d84f61, org.springframework.test.context.support.DirtiesContextBeforeModesTestExecutionListener@39c11e6c, org.springframework.test.context.event.ApplicationEventsTestExecutionListener@324dcd31, org.springframework.boot.test.mock.mockito.MockitoTestExecutionListener@503d56b5, org.springframework.boot.test.autoconfigure.SpringBootDependencyInjectionTestExecutionListener@72bca894, org.springframework.test.context.support.DirtiesContextTestExecutionListener@433ffad1, org.springframework.test.context.transaction.TransactionalTestExecutionListener@1fc793c2, org.springframework.test.context.jdbc.SqlScriptsTestExecutionListener@2575f671, org.springframework.test.context.event.EventPublishingTestExecutionListener@329a1243, org.springframework.boot.test.autoconfigure.restdocs.RestDocsTestExecutionListener@ecf9fb3, org.springframework.boot.test.autoconfigure.web.client.MockRestServiceServerResetTestExecutionListener@2d35442b, org.springframework.boot.test.autoconfigure.web.servlet.MockMvcPrintOnlyOnFailureTestExecutionListener@27f9e982, org.springframework.boot.test.autoconfigure.web.servlet.WebDriverTestExecutionListener@4593ff34, org.springframework.boot.test.autoconfigure.webservices.client.MockWebServiceServerTestExecutionListener@37d3d232, org.springframework.boot.test.mock.mockito.ResetMocksTestExecutionListener@30c0ccff]
16:15:58.692 [Test worker] DEBUG org.springframework.test.context.support.AbstractDirtiesContextTestExecutionListener - Before test class: context [DefaultTestContext@c074c0c testClass = HermestockApplicationTests, testInstance = [null], testMethod = [null], testException = [null], mergedContextConfiguration = [WebMergedContextConfiguration@58a55449 testClass = HermestockApplicationTests, locations = '{}', classes = '{class com.hermes.hermestock.HermestockApplication}', contextInitializerClasses = '[]', activeProfiles = '{}', propertySourceLocations = '{}', propertySourceProperties = '{org.springframework.boot.test.context.SpringBootTestContextBootstrapper=true}', contextCustomizers = set[org.springframework.boot.test.autoconfigure.actuate.metrics.MetricsExportContextCustomizerFactory$DisableMetricExportContextCustomizer@17a87e37, org.springframework.boot.test.autoconfigure.properties.PropertyMappingContextCustomizer@0, org.springframework.boot.test.autoconfigure.web.servlet.WebDriverContextCustomizerFactory$Customizer@2974f221, org.springframework.boot.test.context.filter.ExcludeFilterContextCustomizer@4044fb95, org.springframework.boot.test.json.DuplicateJsonObjectContextCustomizerFactory$DuplicateJsonObjectContextCustomizer@5c00384f, org.springframework.boot.test.mock.mockito.MockitoContextCustomizer@0, org.springframework.boot.test.web.client.TestRestTemplateContextCustomizer@4d18aa28, org.springframework.boot.test.context.SpringBootTestArgs@1, org.springframework.boot.test.context.SpringBootTestWebEnvironment@3214ee6], resourceBasePath = 'src/main/webapp', contextLoader = 'org.springframework.boot.test.context.SpringBootContextLoader', parent = [null]], attributes = map['org.springframework.test.context.web.ServletTestExecutionListener.activateListener' -> true]], class annotated with @DirtiesContext [false] with mode [null].

  .   ____          _            __ _ _
 /\\ / ___'_ __ _ _(_)_ __  __ _ \ \ \ \
( ( )\___ | '_ | '_| | '_ \/ _` | \ \ \ \
 \\/  ___)| |_)| | | | | || (_| |  ) ) ) )
  '  |____| .__|_| |_|_| |_\__, | / / / /
 =========|_|==============|___/=/_/_/_/
 :: Spring Boot ::                (v2.6.3)

2022-05-25 16:15:59.016  INFO 70401 --- [    Test worker] c.h.h.HermestockApplicationTests         : Starting HermestockApplicationTests using Java 11.0.13 on A201808029-02.local with PID 70401 (started by a201808029 in /Users/a201808029/sandbox/java/hermestock)
2022-05-25 16:15:59.017  INFO 70401 --- [    Test worker] c.h.h.HermestockApplicationTests         : No active profile set, falling back to default profiles: default
2022-05-25 16:15:59.566  INFO 70401 --- [    Test worker] .s.d.r.c.RepositoryConfigurationDelegate : Bootstrapping Spring Data JPA repositories in DEFAULT mode.
2022-05-25 16:15:59.610  INFO 70401 --- [    Test worker] .s.d.r.c.RepositoryConfigurationDelegate : Finished Spring Data repository scanning in 37 ms. Found 2 JPA repository interfaces.
2022-05-25 16:16:00.189  INFO 70401 --- [    Test worker] o.hibernate.jpa.internal.util.LogHelper  : HHH000204: Processing PersistenceUnitInfo [name: default]
2022-05-25 16:16:00.236  INFO 70401 --- [    Test worker] org.hibernate.Version                    : HHH000412: Hibernate ORM core version 5.6.4.Final
2022-05-25 16:16:00.387  INFO 70401 --- [    Test worker] o.hibernate.annotations.common.Version   : HCANN000001: Hibernate Commons Annotations {5.1.2.Final}
2022-05-25 16:16:00.414 DEBUG 70401 --- [    Test worker] org.hibernate.type.BasicTypeRegistry     : Adding type registration boolean -> org.hibernate.type.BooleanType@6c96403e
2022-05-25 16:16:00.415 DEBUG 70401 --- [    Test worker] org.hibernate.type.BasicTypeRegistry     : Adding type registration boolean -> org.hibernate.type.BooleanType@6c96403e
2022-05-25 16:16:00.415 DEBUG 70401 --- [    Test worker] org.hibernate.type.BasicTypeRegistry     : Adding type registration java.lang.Boolean -> org.hibernate.type.BooleanType@6c96403e
2022-05-25 16:16:00.415 DEBUG 70401 --- [    Test worker] org.hibernate.type.BasicTypeRegistry     : Adding type registration numeric_boolean -> org.hibernate.type.NumericBooleanType@22b7ef2b
2022-05-25 16:16:00.416 DEBUG 70401 --- [    Test worker] org.hibernate.type.BasicTypeRegistry     : Adding type registration true_false -> org.hibernate.type.TrueFalseType@2b098563
2022-05-25 16:16:00.416 DEBUG 70401 --- [    Test worker] org.hibernate.type.BasicTypeRegistry     : Adding type registration yes_no -> org.hibernate.type.YesNoType@ba4f370
2022-05-25 16:16:00.417 DEBUG 70401 --- [    Test worker] org.hibernate.type.BasicTypeRegistry     : Adding type registration byte -> org.hibernate.type.ByteType@505d2bac
2022-05-25 16:16:00.417 DEBUG 70401 --- [    Test worker] org.hibernate.type.BasicTypeRegistry     : Adding type registration byte -> org.hibernate.type.ByteType@505d2bac
2022-05-25 16:16:00.417 DEBUG 70401 --- [    Test worker] org.hibernate.type.BasicTypeRegistry     : Adding type registration java.lang.Byte -> org.hibernate.type.ByteType@505d2bac
2022-05-25 16:16:00.418 DEBUG 70401 --- [    Test worker] org.hibernate.type.BasicTypeRegistry     : Adding type registration character -> org.hibernate.type.CharacterType@45dde6ac
2022-05-25 16:16:00.418 DEBUG 70401 --- [    Test worker] org.hibernate.type.BasicTypeRegistry     : Adding type registration char -> org.hibernate.type.CharacterType@45dde6ac
2022-05-25 16:16:00.419 DEBUG 70401 --- [    Test worker] org.hibernate.type.BasicTypeRegistry     : Adding type registration java.lang.Character -> org.hibernate.type.CharacterType@45dde6ac
2022-05-25 16:16:00.419 DEBUG 70401 --- [    Test worker] org.hibernate.type.BasicTypeRegistry     : Adding type registration short -> org.hibernate.type.ShortType@2c8a445b
2022-05-25 16:16:00.420 DEBUG 70401 --- [    Test worker] org.hibernate.type.BasicTypeRegistry     : Adding type registration short -> org.hibernate.type.ShortType@2c8a445b
2022-05-25 16:16:00.420 DEBUG 70401 --- [    Test worker] org.hibernate.type.BasicTypeRegistry     : Adding type registration java.lang.Short -> org.hibernate.type.ShortType@2c8a445b
2022-05-25 16:16:00.421 DEBUG 70401 --- [    Test worker] org.hibernate.type.BasicTypeRegistry     : Adding type registration integer -> org.hibernate.type.IntegerType@11e834ad
2022-05-25 16:16:00.421 DEBUG 70401 --- [    Test worker] org.hibernate.type.BasicTypeRegistry     : Adding type registration int -> org.hibernate.type.IntegerType@11e834ad
2022-05-25 16:16:00.421 DEBUG 70401 --- [    Test worker] org.hibernate.type.BasicTypeRegistry     : Adding type registration java.lang.Integer -> org.hibernate.type.IntegerType@11e834ad
2022-05-25 16:16:00.422 DEBUG 70401 --- [    Test worker] org.hibernate.type.BasicTypeRegistry     : Adding type registration long -> org.hibernate.type.LongType@bb6f3f7
2022-05-25 16:16:00.422 DEBUG 70401 --- [    Test worker] org.hibernate.type.BasicTypeRegistry     : Adding type registration long -> org.hibernate.type.LongType@bb6f3f7
2022-05-25 16:16:00.422 DEBUG 70401 --- [    Test worker] org.hibernate.type.BasicTypeRegistry     : Adding type registration java.lang.Long -> org.hibernate.type.LongType@bb6f3f7
2022-05-25 16:16:00.423 DEBUG 70401 --- [    Test worker] org.hibernate.type.BasicTypeRegistry     : Adding type registration float -> org.hibernate.type.FloatType@639cb788
2022-05-25 16:16:00.423 DEBUG 70401 --- [    Test worker] org.hibernate.type.BasicTypeRegistry     : Adding type registration float -> org.hibernate.type.FloatType@639cb788
2022-05-25 16:16:00.423 DEBUG 70401 --- [    Test worker] org.hibernate.type.BasicTypeRegistry     : Adding type registration java.lang.Float -> org.hibernate.type.FloatType@639cb788
2022-05-25 16:16:00.424 DEBUG 70401 --- [    Test worker] org.hibernate.type.BasicTypeRegistry     : Adding type registration double -> org.hibernate.type.DoubleType@590013c7
2022-05-25 16:16:00.424 DEBUG 70401 --- [    Test worker] org.hibernate.type.BasicTypeRegistry     : Adding type registration double -> org.hibernate.type.DoubleType@590013c7
2022-05-25 16:16:00.424 DEBUG 70401 --- [    Test worker] org.hibernate.type.BasicTypeRegistry     : Adding type registration java.lang.Double -> org.hibernate.type.DoubleType@590013c7
2022-05-25 16:16:00.425 DEBUG 70401 --- [    Test worker] org.hibernate.type.BasicTypeRegistry     : Adding type registration big_decimal -> org.hibernate.type.BigDecimalType@6f07d414
2022-05-25 16:16:00.425 DEBUG 70401 --- [    Test worker] org.hibernate.type.BasicTypeRegistry     : Adding type registration java.math.BigDecimal -> org.hibernate.type.BigDecimalType@6f07d414
2022-05-25 16:16:00.426 DEBUG 70401 --- [    Test worker] org.hibernate.type.BasicTypeRegistry     : Adding type registration big_integer -> org.hibernate.type.BigIntegerType@53e93fb7
2022-05-25 16:16:00.426 DEBUG 70401 --- [    Test worker] org.hibernate.type.BasicTypeRegistry     : Adding type registration java.math.BigInteger -> org.hibernate.type.BigIntegerType@53e93fb7
2022-05-25 16:16:00.427 DEBUG 70401 --- [    Test worker] org.hibernate.type.BasicTypeRegistry     : Adding type registration string -> org.hibernate.type.StringType@719c1faf
2022-05-25 16:16:00.427 DEBUG 70401 --- [    Test worker] org.hibernate.type.BasicTypeRegistry     : Adding type registration java.lang.String -> org.hibernate.type.StringType@719c1faf
2022-05-25 16:16:00.428 DEBUG 70401 --- [    Test worker] org.hibernate.type.BasicTypeRegistry     : Adding type registration nstring -> org.hibernate.type.StringNVarcharType@45f9d394
2022-05-25 16:16:00.428 DEBUG 70401 --- [    Test worker] org.hibernate.type.BasicTypeRegistry     : Adding type registration ncharacter -> org.hibernate.type.CharacterNCharType@2bdb5e0f
2022-05-25 16:16:00.429 DEBUG 70401 --- [    Test worker] org.hibernate.type.BasicTypeRegistry     : Adding type registration url -> org.hibernate.type.UrlType@384472bf
2022-05-25 16:16:00.429 DEBUG 70401 --- [    Test worker] org.hibernate.type.BasicTypeRegistry     : Adding type registration java.net.URL -> org.hibernate.type.UrlType@384472bf
2022-05-25 16:16:00.430 DEBUG 70401 --- [    Test worker] org.hibernate.type.BasicTypeRegistry     : Adding type registration Duration -> org.hibernate.type.DurationType@9e33a6a
2022-05-25 16:16:00.430 DEBUG 70401 --- [    Test worker] org.hibernate.type.BasicTypeRegistry     : Adding type registration java.time.Duration -> org.hibernate.type.DurationType@9e33a6a
2022-05-25 16:16:00.431 DEBUG 70401 --- [    Test worker] org.hibernate.type.BasicTypeRegistry     : Adding type registration Instant -> org.hibernate.type.InstantType@18d30e7
2022-05-25 16:16:00.431 DEBUG 70401 --- [    Test worker] org.hibernate.type.BasicTypeRegistry     : Adding type registration java.time.Instant -> org.hibernate.type.InstantType@18d30e7
2022-05-25 16:16:00.432 DEBUG 70401 --- [    Test worker] org.hibernate.type.BasicTypeRegistry     : Adding type registration LocalDateTime -> org.hibernate.type.LocalDateTimeType@4b07cad0
2022-05-25 16:16:00.432 DEBUG 70401 --- [    Test worker] org.hibernate.type.BasicTypeRegistry     : Adding type registration java.time.LocalDateTime -> org.hibernate.type.LocalDateTimeType@4b07cad0
2022-05-25 16:16:00.433 DEBUG 70401 --- [    Test worker] org.hibernate.type.BasicTypeRegistry     : Adding type registration LocalDate -> org.hibernate.type.LocalDateType@12e5d3e1
2022-05-25 16:16:00.433 DEBUG 70401 --- [    Test worker] org.hibernate.type.BasicTypeRegistry     : Adding type registration java.time.LocalDate -> org.hibernate.type.LocalDateType@12e5d3e1
2022-05-25 16:16:00.434 DEBUG 70401 --- [    Test worker] org.hibernate.type.BasicTypeRegistry     : Adding type registration LocalTime -> org.hibernate.type.LocalTimeType@351e89fc
2022-05-25 16:16:00.434 DEBUG 70401 --- [    Test worker] org.hibernate.type.BasicTypeRegistry     : Adding type registration java.time.LocalTime -> org.hibernate.type.LocalTimeType@351e89fc
2022-05-25 16:16:00.435 DEBUG 70401 --- [    Test worker] org.hibernate.type.BasicTypeRegistry     : Adding type registration OffsetDateTime -> org.hibernate.type.OffsetDateTimeType@79d63a4f
2022-05-25 16:16:00.435 DEBUG 70401 --- [    Test worker] org.hibernate.type.BasicTypeRegistry     : Adding type registration java.time.OffsetDateTime -> org.hibernate.type.OffsetDateTimeType@79d63a4f
2022-05-25 16:16:00.436 DEBUG 70401 --- [    Test worker] org.hibernate.type.BasicTypeRegistry     : Adding type registration OffsetTime -> org.hibernate.type.OffsetTimeType@4c2ab536
2022-05-25 16:16:00.436 DEBUG 70401 --- [    Test worker] org.hibernate.type.BasicTypeRegistry     : Adding type registration java.time.OffsetTime -> org.hibernate.type.OffsetTimeType@4c2ab536
2022-05-25 16:16:00.437 DEBUG 70401 --- [    Test worker] org.hibernate.type.BasicTypeRegistry     : Adding type registration ZonedDateTime -> org.hibernate.type.ZonedDateTimeType@61d2f267
2022-05-25 16:16:00.438 DEBUG 70401 --- [    Test worker] org.hibernate.type.BasicTypeRegistry     : Adding type registration java.time.ZonedDateTime -> org.hibernate.type.ZonedDateTimeType@61d2f267
2022-05-25 16:16:00.438 DEBUG 70401 --- [    Test worker] org.hibernate.type.BasicTypeRegistry     : Adding type registration date -> org.hibernate.type.DateType@23afc725
2022-05-25 16:16:00.439 DEBUG 70401 --- [    Test worker] org.hibernate.type.BasicTypeRegistry     : Adding type registration java.sql.Date -> org.hibernate.type.DateType@23afc725
2022-05-25 16:16:00.440 DEBUG 70401 --- [    Test worker] org.hibernate.type.BasicTypeRegistry     : Adding type registration time -> org.hibernate.type.TimeType@4239262e
2022-05-25 16:16:00.440 DEBUG 70401 --- [    Test worker] org.hibernate.type.BasicTypeRegistry     : Adding type registration java.sql.Time -> org.hibernate.type.TimeType@4239262e
2022-05-25 16:16:00.441 DEBUG 70401 --- [    Test worker] org.hibernate.type.BasicTypeRegistry     : Adding type registration timestamp -> org.hibernate.type.TimestampType@1805383
2022-05-25 16:16:00.441 DEBUG 70401 --- [    Test worker] org.hibernate.type.BasicTypeRegistry     : Adding type registration java.sql.Timestamp -> org.hibernate.type.TimestampType@1805383
2022-05-25 16:16:00.441 DEBUG 70401 --- [    Test worker] org.hibernate.type.BasicTypeRegistry     : Adding type registration java.util.Date -> org.hibernate.type.TimestampType@1805383
2022-05-25 16:16:00.443 DEBUG 70401 --- [    Test worker] org.hibernate.type.BasicTypeRegistry     : Adding type registration dbtimestamp -> org.hibernate.type.DbTimestampType@5a06904
2022-05-25 16:16:00.443 DEBUG 70401 --- [    Test worker] org.hibernate.type.BasicTypeRegistry     : Adding type registration calendar -> org.hibernate.type.CalendarType@7f8c3646
2022-05-25 16:16:00.444 DEBUG 70401 --- [    Test worker] org.hibernate.type.BasicTypeRegistry     : Adding type registration java.util.Calendar -> org.hibernate.type.CalendarType@7f8c3646
2022-05-25 16:16:00.444 DEBUG 70401 --- [    Test worker] org.hibernate.type.BasicTypeRegistry     : Adding type registration java.util.GregorianCalendar -> org.hibernate.type.CalendarType@7f8c3646
2022-05-25 16:16:00.444 DEBUG 70401 --- [    Test worker] org.hibernate.type.BasicTypeRegistry     : Adding type registration calendar_date -> org.hibernate.type.CalendarDateType@46ea78f0
2022-05-25 16:16:00.445 DEBUG 70401 --- [    Test worker] org.hibernate.type.BasicTypeRegistry     : Adding type registration calendar_time -> org.hibernate.type.CalendarTimeType@37c2f0b4
2022-05-25 16:16:00.446 DEBUG 70401 --- [    Test worker] org.hibernate.type.BasicTypeRegistry     : Adding type registration locale -> org.hibernate.type.LocaleType@5da57a64
2022-05-25 16:16:00.446 DEBUG 70401 --- [    Test worker] org.hibernate.type.BasicTypeRegistry     : Adding type registration java.util.Locale -> org.hibernate.type.LocaleType@5da57a64
2022-05-25 16:16:00.447 DEBUG 70401 --- [    Test worker] org.hibernate.type.BasicTypeRegistry     : Adding type registration currency -> org.hibernate.type.CurrencyType@2565a7d0
2022-05-25 16:16:00.447 DEBUG 70401 --- [    Test worker] org.hibernate.type.BasicTypeRegistry     : Adding type registration java.util.Currency -> org.hibernate.type.CurrencyType@2565a7d0
2022-05-25 16:16:00.447 DEBUG 70401 --- [    Test worker] org.hibernate.type.BasicTypeRegistry     : Adding type registration timezone -> org.hibernate.type.TimeZoneType@9d99851
2022-05-25 16:16:00.448 DEBUG 70401 --- [    Test worker] org.hibernate.type.BasicTypeRegistry     : Adding type registration java.util.TimeZone -> org.hibernate.type.TimeZoneType@9d99851
2022-05-25 16:16:00.448 DEBUG 70401 --- [    Test worker] org.hibernate.type.BasicTypeRegistry     : Adding type registration class -> org.hibernate.type.ClassType@376b5cb2
2022-05-25 16:16:00.448 DEBUG 70401 --- [    Test worker] org.hibernate.type.BasicTypeRegistry     : Adding type registration java.lang.Class -> org.hibernate.type.ClassType@376b5cb2
2022-05-25 16:16:00.449 DEBUG 70401 --- [    Test worker] org.hibernate.type.BasicTypeRegistry     : Adding type registration uuid-binary -> org.hibernate.type.UUIDBinaryType@29b5533
2022-05-25 16:16:00.449 DEBUG 70401 --- [    Test worker] org.hibernate.type.BasicTypeRegistry     : Adding type registration java.util.UUID -> org.hibernate.type.UUIDBinaryType@29b5533
2022-05-25 16:16:00.449 DEBUG 70401 --- [    Test worker] org.hibernate.type.BasicTypeRegistry     : Adding type registration uuid-char -> org.hibernate.type.UUIDCharType@794c5f5e
2022-05-25 16:16:00.450 DEBUG 70401 --- [    Test worker] org.hibernate.type.BasicTypeRegistry     : Adding type registration binary -> org.hibernate.type.BinaryType@46b5f061
2022-05-25 16:16:00.451 DEBUG 70401 --- [    Test worker] org.hibernate.type.BasicTypeRegistry     : Adding type registration byte[] -> org.hibernate.type.BinaryType@46b5f061
2022-05-25 16:16:00.451 DEBUG 70401 --- [    Test worker] org.hibernate.type.BasicTypeRegistry     : Adding type registration [B -> org.hibernate.type.BinaryType@46b5f061
2022-05-25 16:16:00.452 DEBUG 70401 --- [    Test worker] org.hibernate.type.BasicTypeRegistry     : Adding type registration wrapper-binary -> org.hibernate.type.WrapperBinaryType@5f409872
2022-05-25 16:16:00.452 DEBUG 70401 --- [    Test worker] org.hibernate.type.BasicTypeRegistry     : Adding type registration Byte[] -> org.hibernate.type.WrapperBinaryType@5f409872
2022-05-25 16:16:00.452 DEBUG 70401 --- [    Test worker] org.hibernate.type.BasicTypeRegistry     : Adding type registration [Ljava.lang.Byte; -> org.hibernate.type.WrapperBinaryType@5f409872
2022-05-25 16:16:00.453 DEBUG 70401 --- [    Test worker] org.hibernate.type.BasicTypeRegistry     : Adding type registration row_version -> org.hibernate.type.RowVersionType@2a6fb62f
2022-05-25 16:16:00.453 DEBUG 70401 --- [    Test worker] org.hibernate.type.BasicTypeRegistry     : Adding type registration image -> org.hibernate.type.ImageType@98637a2
2022-05-25 16:16:00.454 DEBUG 70401 --- [    Test worker] org.hibernate.type.BasicTypeRegistry     : Adding type registration characters -> org.hibernate.type.CharArrayType@6f867b0c
2022-05-25 16:16:00.454 DEBUG 70401 --- [    Test worker] org.hibernate.type.BasicTypeRegistry     : Adding type registration char[] -> org.hibernate.type.CharArrayType@6f867b0c
2022-05-25 16:16:00.454 DEBUG 70401 --- [    Test worker] org.hibernate.type.BasicTypeRegistry     : Adding type registration [C -> org.hibernate.type.CharArrayType@6f867b0c
2022-05-25 16:16:00.455 DEBUG 70401 --- [    Test worker] org.hibernate.type.BasicTypeRegistry     : Adding type registration wrapper-characters -> org.hibernate.type.CharacterArrayType@45e7bb79
2022-05-25 16:16:00.455 DEBUG 70401 --- [    Test worker] org.hibernate.type.BasicTypeRegistry     : Adding type registration [Ljava.lang.Character; -> org.hibernate.type.CharacterArrayType@45e7bb79
2022-05-25 16:16:00.455 DEBUG 70401 --- [    Test worker] org.hibernate.type.BasicTypeRegistry     : Adding type registration Character[] -> org.hibernate.type.CharacterArrayType@45e7bb79
2022-05-25 16:16:00.455 DEBUG 70401 --- [    Test worker] org.hibernate.type.BasicTypeRegistry     : Adding type registration text -> org.hibernate.type.TextType@75527e36
2022-05-25 16:16:00.456 DEBUG 70401 --- [    Test worker] org.hibernate.type.BasicTypeRegistry     : Adding type registration ntext -> org.hibernate.type.NTextType@376af784
2022-05-25 16:16:00.458 DEBUG 70401 --- [    Test worker] org.hibernate.type.BasicTypeRegistry     : Adding type registration blob -> org.hibernate.type.BlobType@3b39e79b
2022-05-25 16:16:00.458 DEBUG 70401 --- [    Test worker] org.hibernate.type.BasicTypeRegistry     : Adding type registration java.sql.Blob -> org.hibernate.type.BlobType@3b39e79b
2022-05-25 16:16:00.459 DEBUG 70401 --- [    Test worker] org.hibernate.type.BasicTypeRegistry     : Adding type registration materialized_blob -> org.hibernate.type.MaterializedBlobType@7e2bd5e6
2022-05-25 16:16:00.460 DEBUG 70401 --- [    Test worker] org.hibernate.type.BasicTypeRegistry     : Adding type registration clob -> org.hibernate.type.ClobType@1a17dd6f
2022-05-25 16:16:00.460 DEBUG 70401 --- [    Test worker] org.hibernate.type.BasicTypeRegistry     : Adding type registration java.sql.Clob -> org.hibernate.type.ClobType@1a17dd6f
2022-05-25 16:16:00.461 DEBUG 70401 --- [    Test worker] org.hibernate.type.BasicTypeRegistry     : Adding type registration nclob -> org.hibernate.type.NClobType@3a16984c
2022-05-25 16:16:00.461 DEBUG 70401 --- [    Test worker] org.hibernate.type.BasicTypeRegistry     : Adding type registration java.sql.NClob -> org.hibernate.type.NClobType@3a16984c
2022-05-25 16:16:00.462 DEBUG 70401 --- [    Test worker] org.hibernate.type.BasicTypeRegistry     : Adding type registration materialized_clob -> org.hibernate.type.MaterializedClobType@64b73e0a
2022-05-25 16:16:00.462 DEBUG 70401 --- [    Test worker] org.hibernate.type.BasicTypeRegistry     : Adding type registration materialized_nclob -> org.hibernate.type.MaterializedNClobType@645dc557
2022-05-25 16:16:00.463 DEBUG 70401 --- [    Test worker] org.hibernate.type.BasicTypeRegistry     : Adding type registration serializable -> org.hibernate.type.SerializableType@45d389f2
2022-05-25 16:16:00.465 DEBUG 70401 --- [    Test worker] org.hibernate.type.BasicTypeRegistry     : Adding type registration object -> org.hibernate.type.ObjectType@76af51d6
2022-05-25 16:16:00.466 DEBUG 70401 --- [    Test worker] org.hibernate.type.BasicTypeRegistry     : Adding type registration java.lang.Object -> org.hibernate.type.ObjectType@76af51d6
2022-05-25 16:16:00.466 DEBUG 70401 --- [    Test worker] org.hibernate.type.BasicTypeRegistry     : Adding type registration imm_date -> org.hibernate.type.AdaptedImmutableType@7f93f4c
2022-05-25 16:16:00.466 DEBUG 70401 --- [    Test worker] org.hibernate.type.BasicTypeRegistry     : Adding type registration imm_time -> org.hibernate.type.AdaptedImmutableType@598657cd
2022-05-25 16:16:00.466 DEBUG 70401 --- [    Test worker] org.hibernate.type.BasicTypeRegistry     : Adding type registration imm_timestamp -> org.hibernate.type.AdaptedImmutableType@456aa471
2022-05-25 16:16:00.466 DEBUG 70401 --- [    Test worker] org.hibernate.type.BasicTypeRegistry     : Adding type registration imm_dbtimestamp -> org.hibernate.type.AdaptedImmutableType@69e2fe3b
2022-05-25 16:16:00.466 DEBUG 70401 --- [    Test worker] org.hibernate.type.BasicTypeRegistry     : Adding type registration imm_calendar -> org.hibernate.type.AdaptedImmutableType@27afbf14
2022-05-25 16:16:00.467 DEBUG 70401 --- [    Test worker] org.hibernate.type.BasicTypeRegistry     : Adding type registration imm_calendar_date -> org.hibernate.type.AdaptedImmutableType@4cfcac13
2022-05-25 16:16:00.467 DEBUG 70401 --- [    Test worker] org.hibernate.type.BasicTypeRegistry     : Adding type registration imm_binary -> org.hibernate.type.AdaptedImmutableType@5c25d0d1
2022-05-25 16:16:00.467 DEBUG 70401 --- [    Test worker] org.hibernate.type.BasicTypeRegistry     : Adding type registration imm_serializable -> org.hibernate.type.AdaptedImmutableType@22c8ee48
2022-05-25 16:16:00.504  INFO 70401 --- [    Test worker] com.zaxxer.hikari.HikariDataSource       : HikariCP - Starting...
2022-05-25 16:16:00.575  INFO 70401 --- [    Test worker] com.zaxxer.hikari.HikariDataSource       : HikariCP - Start completed.
2022-05-25 16:16:00.592  INFO 70401 --- [    Test worker] org.hibernate.dialect.Dialect            : HHH000400: Using dialect: org.hibernate.dialect.H2Dialect
2022-05-25 16:16:00.638 DEBUG 70401 --- [    Test worker] o.h.type.spi.TypeConfiguration$Scope     : Scoping TypeConfiguration [org.hibernate.type.spi.TypeConfiguration@66e1b2a] to MetadataBuildingContext [org.hibernate.boot.internal.MetadataBuildingContextRootImpl@343db2f6]
2022-05-25 16:16:00.856 DEBUG 70401 --- [    Test worker] o.h.type.spi.TypeConfiguration$Scope     : Scoping TypeConfiguration [org.hibernate.type.spi.TypeConfiguration@66e1b2a] to SessionFactoryImpl [org.hibernate.internal.SessionFactoryImpl@4f552aa2]
2022-05-25 16:16:01.126  INFO 70401 --- [    Test worker] o.h.e.t.j.p.i.JtaPlatformInitiator       : HHH000490: Using JtaPlatform implementation: [org.hibernate.engine.transaction.jta.platform.internal.NoJtaPlatform]
2022-05-25 16:16:01.134 TRACE 70401 --- [    Test worker] o.h.type.spi.TypeConfiguration$Scope     : Handling #sessionFactoryCreated from [org.hibernate.internal.SessionFactoryImpl@4f552aa2] for TypeConfiguration
2022-05-25 16:16:01.135  INFO 70401 --- [    Test worker] j.LocalContainerEntityManagerFactoryBean : Initialized JPA EntityManagerFactory for persistence unit 'default'
2022-05-25 16:16:01.140  INFO 70401 --- [    Test worker] f.a.AutowiredAnnotationBeanPostProcessor : Autowired annotation is not supported on static methods: public static void com.hermes.hermestock.HermestockApplication.main(java.lang.String[])
2022-05-25 16:16:01.875  INFO 70401 --- [    Test worker] o.s.b.a.w.s.WelcomePageHandlerMapping    : Adding welcome page: class path resource [static/index.html]
16:16:02.127270
2022-05-25 16:16:02.130  INFO 70401 --- [    Test worker] c.h.h.HermestockApplicationTests         : Started HermestockApplicationTests in 3.397 seconds (JVM running for 4.365)
]]></system-out>
  <system-err><![CDATA[]]></system-err>
</testsuite>
