<?xml version="1.0" encoding="UTF-8"?>
<testsuite name="com.hermes.hermestock.HermestockApplicationTests" tests="1" skipped="0" failures="0" errors="0" timestamp="2022-05-13T08:06:54" hostname="A201808029-02.local" time="0.119">
  <properties/>
  <testcase name="contextLoads()" classname="com.hermes.hermestock.HermestockApplicationTests" time="0.119"/>
  <system-out><![CDATA[17:06:50.355 [Test worker] DEBUG org.springframework.test.context.BootstrapUtils - Instantiating CacheAwareContextLoaderDelegate from class [org.springframework.test.context.cache.DefaultCacheAwareContextLoaderDelegate]
17:06:50.365 [Test worker] DEBUG org.springframework.test.context.BootstrapUtils - Instantiating BootstrapContext using constructor [public org.springframework.test.context.support.DefaultBootstrapContext(java.lang.Class,org.springframework.test.context.CacheAwareContextLoaderDelegate)]
17:06:50.396 [Test worker] DEBUG org.springframework.test.context.BootstrapUtils - Instantiating TestContextBootstrapper for test class [com.hermes.hermestock.HermestockApplicationTests] from class [org.springframework.boot.test.context.SpringBootTestContextBootstrapper]
17:06:50.407 [Test worker] INFO org.springframework.boot.test.context.SpringBootTestContextBootstrapper - Neither @ContextConfiguration nor @ContextHierarchy found for test class [com.hermes.hermestock.HermestockApplicationTests], using SpringBootContextLoader
17:06:50.411 [Test worker] DEBUG org.springframework.test.context.support.AbstractContextLoader - Did not detect default resource location for test class [com.hermes.hermestock.HermestockApplicationTests]: class path resource [com/hermes/hermestock/HermestockApplicationTests-context.xml] does not exist
17:06:50.411 [Test worker] DEBUG org.springframework.test.context.support.AbstractContextLoader - Did not detect default resource location for test class [com.hermes.hermestock.HermestockApplicationTests]: class path resource [com/hermes/hermestock/HermestockApplicationTestsContext.groovy] does not exist
17:06:50.411 [Test worker] INFO org.springframework.test.context.support.AbstractContextLoader - Could not detect default resource locations for test class [com.hermes.hermestock.HermestockApplicationTests]: no resource found for suffixes {-context.xml, Context.groovy}.
17:06:50.412 [Test worker] INFO org.springframework.test.context.support.AnnotationConfigContextLoaderUtils - Could not detect default configuration classes for test class [com.hermes.hermestock.HermestockApplicationTests]: HermestockApplicationTests does not declare any static, non-private, non-final, nested classes annotated with @Configuration.
17:06:50.455 [Test worker] DEBUG org.springframework.test.context.support.ActiveProfilesUtils - Could not find an 'annotation declaring class' for annotation type [org.springframework.test.context.ActiveProfiles] and class [com.hermes.hermestock.HermestockApplicationTests]
17:06:50.522 [Test worker] DEBUG org.springframework.context.annotation.ClassPathScanningCandidateComponentProvider - Identified candidate component class: file [/Users/a201808029/sandbox/java/hermestock/build/classes/java/main/com/hermes/hermestock/HermestockApplication.class]
17:06:50.523 [Test worker] INFO org.springframework.boot.test.context.SpringBootTestContextBootstrapper - Found @SpringBootConfiguration com.hermes.hermestock.HermestockApplication for test class com.hermes.hermestock.HermestockApplicationTests
17:06:50.623 [Test worker] DEBUG org.springframework.boot.test.context.SpringBootTestContextBootstrapper - @TestExecutionListeners is not present for class [com.hermes.hermestock.HermestockApplicationTests]: using defaults.
17:06:50.624 [Test worker] INFO org.springframework.boot.test.context.SpringBootTestContextBootstrapper - Loaded default TestExecutionListener class names from location [META-INF/spring.factories]: [org.springframework.boot.test.autoconfigure.restdocs.RestDocsTestExecutionListener, org.springframework.boot.test.autoconfigure.web.client.MockRestServiceServerResetTestExecutionListener, org.springframework.boot.test.autoconfigure.web.servlet.MockMvcPrintOnlyOnFailureTestExecutionListener, org.springframework.boot.test.autoconfigure.web.servlet.WebDriverTestExecutionListener, org.springframework.boot.test.autoconfigure.webservices.client.MockWebServiceServerTestExecutionListener, org.springframework.boot.test.mock.mockito.MockitoTestExecutionListener, org.springframework.boot.test.mock.mockito.ResetMocksTestExecutionListener, org.springframework.test.context.web.ServletTestExecutionListener, org.springframework.test.context.support.DirtiesContextBeforeModesTestExecutionListener, org.springframework.test.context.event.ApplicationEventsTestExecutionListener, org.springframework.test.context.support.DependencyInjectionTestExecutionListener, org.springframework.test.context.support.DirtiesContextTestExecutionListener, org.springframework.test.context.transaction.TransactionalTestExecutionListener, org.springframework.test.context.jdbc.SqlScriptsTestExecutionListener, org.springframework.test.context.event.EventPublishingTestExecutionListener]
17:06:50.643 [Test worker] INFO org.springframework.boot.test.context.SpringBootTestContextBootstrapper - Using TestExecutionListeners: [org.springframework.test.context.web.ServletTestExecutionListener@22680f52, org.springframework.test.context.support.DirtiesContextBeforeModesTestExecutionListener@60d84f61, org.springframework.test.context.event.ApplicationEventsTestExecutionListener@39c11e6c, org.springframework.boot.test.mock.mockito.MockitoTestExecutionListener@324dcd31, org.springframework.boot.test.autoconfigure.SpringBootDependencyInjectionTestExecutionListener@503d56b5, org.springframework.test.context.support.DirtiesContextTestExecutionListener@72bca894, org.springframework.test.context.transaction.TransactionalTestExecutionListener@433ffad1, org.springframework.test.context.jdbc.SqlScriptsTestExecutionListener@1fc793c2, org.springframework.test.context.event.EventPublishingTestExecutionListener@2575f671, org.springframework.boot.test.autoconfigure.restdocs.RestDocsTestExecutionListener@329a1243, org.springframework.boot.test.autoconfigure.web.client.MockRestServiceServerResetTestExecutionListener@ecf9fb3, org.springframework.boot.test.autoconfigure.web.servlet.MockMvcPrintOnlyOnFailureTestExecutionListener@2d35442b, org.springframework.boot.test.autoconfigure.web.servlet.WebDriverTestExecutionListener@27f9e982, org.springframework.boot.test.autoconfigure.webservices.client.MockWebServiceServerTestExecutionListener@4593ff34, org.springframework.boot.test.mock.mockito.ResetMocksTestExecutionListener@37d3d232]
17:06:50.647 [Test worker] DEBUG org.springframework.test.context.support.AbstractDirtiesContextTestExecutionListener - Before test class: context [DefaultTestContext@7048f722 testClass = HermestockApplicationTests, testInstance = [null], testMethod = [null], testException = [null], mergedContextConfiguration = [WebMergedContextConfiguration@c074c0c testClass = HermestockApplicationTests, locations = '{}', classes = '{class com.hermes.hermestock.HermestockApplication}', contextInitializerClasses = '[]', activeProfiles = '{}', propertySourceLocations = '{}', propertySourceProperties = '{org.springframework.boot.test.context.SpringBootTestContextBootstrapper=true}', contextCustomizers = set[org.springframework.boot.test.autoconfigure.actuate.metrics.MetricsExportContextCustomizerFactory$DisableMetricExportContextCustomizer@4b3a45f1, org.springframework.boot.test.autoconfigure.properties.PropertyMappingContextCustomizer@0, org.springframework.boot.test.autoconfigure.web.servlet.WebDriverContextCustomizerFactory$Customizer@1a7288a3, org.springframework.boot.test.context.filter.ExcludeFilterContextCustomizer@68b6f0d6, org.springframework.boot.test.json.DuplicateJsonObjectContextCustomizerFactory$DuplicateJsonObjectContextCustomizer@36f48b4, org.springframework.boot.test.mock.mockito.MockitoContextCustomizer@0, org.springframework.boot.test.web.client.TestRestTemplateContextCustomizer@a5bd950, org.springframework.boot.test.context.SpringBootTestArgs@1, org.springframework.boot.test.context.SpringBootTestWebEnvironment@3214ee6], resourceBasePath = 'src/main/webapp', contextLoader = 'org.springframework.boot.test.context.SpringBootContextLoader', parent = [null]], attributes = map['org.springframework.test.context.web.ServletTestExecutionListener.activateListener' -> true]], class annotated with @DirtiesContext [false] with mode [null].

  .   ____          _            __ _ _
 /\\ / ___'_ __ _ _(_)_ __  __ _ \ \ \ \
( ( )\___ | '_ | '_| | '_ \/ _` | \ \ \ \
 \\/  ___)| |_)| | | | | || (_| |  ) ) ) )
  '  |____| .__|_| |_|_| |_\__, | / / / /
 =========|_|==============|___/=/_/_/_/
 :: Spring Boot ::                (v2.6.3)

2022-05-13 17:06:50.998  INFO 86348 --- [    Test worker] c.h.h.HermestockApplicationTests         : Starting HermestockApplicationTests using Java 11.0.13 on A201808029-02.local with PID 86348 (started by a201808029 in /Users/a201808029/sandbox/java/hermestock)
2022-05-13 17:06:50.999  INFO 86348 --- [    Test worker] c.h.h.HermestockApplicationTests         : No active profile set, falling back to default profiles: default
2022-05-13 17:06:51.580  INFO 86348 --- [    Test worker] .s.d.r.c.RepositoryConfigurationDelegate : Bootstrapping Spring Data JPA repositories in DEFAULT mode.
2022-05-13 17:06:51.624  INFO 86348 --- [    Test worker] .s.d.r.c.RepositoryConfigurationDelegate : Finished Spring Data repository scanning in 37 ms. Found 2 JPA repository interfaces.
2022-05-13 17:06:52.231  INFO 86348 --- [    Test worker] o.hibernate.jpa.internal.util.LogHelper  : HHH000204: Processing PersistenceUnitInfo [name: default]
2022-05-13 17:06:52.283  INFO 86348 --- [    Test worker] org.hibernate.Version                    : HHH000412: Hibernate ORM core version 5.6.4.Final
2022-05-13 17:06:52.457  INFO 86348 --- [    Test worker] o.hibernate.annotations.common.Version   : HCANN000001: Hibernate Commons Annotations {5.1.2.Final}
2022-05-13 17:06:52.483 DEBUG 86348 --- [    Test worker] org.hibernate.type.BasicTypeRegistry     : Adding type registration boolean -> org.hibernate.type.BooleanType@68d6f48e
2022-05-13 17:06:52.483 DEBUG 86348 --- [    Test worker] org.hibernate.type.BasicTypeRegistry     : Adding type registration boolean -> org.hibernate.type.BooleanType@68d6f48e
2022-05-13 17:06:52.483 DEBUG 86348 --- [    Test worker] org.hibernate.type.BasicTypeRegistry     : Adding type registration java.lang.Boolean -> org.hibernate.type.BooleanType@68d6f48e
2022-05-13 17:06:52.484 DEBUG 86348 --- [    Test worker] org.hibernate.type.BasicTypeRegistry     : Adding type registration numeric_boolean -> org.hibernate.type.NumericBooleanType@7c7ed72a
2022-05-13 17:06:52.484 DEBUG 86348 --- [    Test worker] org.hibernate.type.BasicTypeRegistry     : Adding type registration true_false -> org.hibernate.type.TrueFalseType@36dafa24
2022-05-13 17:06:52.484 DEBUG 86348 --- [    Test worker] org.hibernate.type.BasicTypeRegistry     : Adding type registration yes_no -> org.hibernate.type.YesNoType@6ce15112
2022-05-13 17:06:52.485 DEBUG 86348 --- [    Test worker] org.hibernate.type.BasicTypeRegistry     : Adding type registration byte -> org.hibernate.type.ByteType@1682e6a
2022-05-13 17:06:52.486 DEBUG 86348 --- [    Test worker] org.hibernate.type.BasicTypeRegistry     : Adding type registration byte -> org.hibernate.type.ByteType@1682e6a
2022-05-13 17:06:52.486 DEBUG 86348 --- [    Test worker] org.hibernate.type.BasicTypeRegistry     : Adding type registration java.lang.Byte -> org.hibernate.type.ByteType@1682e6a
2022-05-13 17:06:52.486 DEBUG 86348 --- [    Test worker] org.hibernate.type.BasicTypeRegistry     : Adding type registration character -> org.hibernate.type.CharacterType@67b560fe
2022-05-13 17:06:52.487 DEBUG 86348 --- [    Test worker] org.hibernate.type.BasicTypeRegistry     : Adding type registration char -> org.hibernate.type.CharacterType@67b560fe
2022-05-13 17:06:52.487 DEBUG 86348 --- [    Test worker] org.hibernate.type.BasicTypeRegistry     : Adding type registration java.lang.Character -> org.hibernate.type.CharacterType@67b560fe
2022-05-13 17:06:52.488 DEBUG 86348 --- [    Test worker] org.hibernate.type.BasicTypeRegistry     : Adding type registration short -> org.hibernate.type.ShortType@ca546a1
2022-05-13 17:06:52.488 DEBUG 86348 --- [    Test worker] org.hibernate.type.BasicTypeRegistry     : Adding type registration short -> org.hibernate.type.ShortType@ca546a1
2022-05-13 17:06:52.488 DEBUG 86348 --- [    Test worker] org.hibernate.type.BasicTypeRegistry     : Adding type registration java.lang.Short -> org.hibernate.type.ShortType@ca546a1
2022-05-13 17:06:52.489 DEBUG 86348 --- [    Test worker] org.hibernate.type.BasicTypeRegistry     : Adding type registration integer -> org.hibernate.type.IntegerType@3ea48c37
2022-05-13 17:06:52.490 DEBUG 86348 --- [    Test worker] org.hibernate.type.BasicTypeRegistry     : Adding type registration int -> org.hibernate.type.IntegerType@3ea48c37
2022-05-13 17:06:52.490 DEBUG 86348 --- [    Test worker] org.hibernate.type.BasicTypeRegistry     : Adding type registration java.lang.Integer -> org.hibernate.type.IntegerType@3ea48c37
2022-05-13 17:06:52.491 DEBUG 86348 --- [    Test worker] org.hibernate.type.BasicTypeRegistry     : Adding type registration long -> org.hibernate.type.LongType@3d0352
2022-05-13 17:06:52.491 DEBUG 86348 --- [    Test worker] org.hibernate.type.BasicTypeRegistry     : Adding type registration long -> org.hibernate.type.LongType@3d0352
2022-05-13 17:06:52.491 DEBUG 86348 --- [    Test worker] org.hibernate.type.BasicTypeRegistry     : Adding type registration java.lang.Long -> org.hibernate.type.LongType@3d0352
2022-05-13 17:06:52.492 DEBUG 86348 --- [    Test worker] org.hibernate.type.BasicTypeRegistry     : Adding type registration float -> org.hibernate.type.FloatType@38732372
2022-05-13 17:06:52.492 DEBUG 86348 --- [    Test worker] org.hibernate.type.BasicTypeRegistry     : Adding type registration float -> org.hibernate.type.FloatType@38732372
2022-05-13 17:06:52.492 DEBUG 86348 --- [    Test worker] org.hibernate.type.BasicTypeRegistry     : Adding type registration java.lang.Float -> org.hibernate.type.FloatType@38732372
2022-05-13 17:06:52.492 DEBUG 86348 --- [    Test worker] org.hibernate.type.BasicTypeRegistry     : Adding type registration double -> org.hibernate.type.DoubleType@54329480
2022-05-13 17:06:52.493 DEBUG 86348 --- [    Test worker] org.hibernate.type.BasicTypeRegistry     : Adding type registration double -> org.hibernate.type.DoubleType@54329480
2022-05-13 17:06:52.493 DEBUG 86348 --- [    Test worker] org.hibernate.type.BasicTypeRegistry     : Adding type registration java.lang.Double -> org.hibernate.type.DoubleType@54329480
2022-05-13 17:06:52.493 DEBUG 86348 --- [    Test worker] org.hibernate.type.BasicTypeRegistry     : Adding type registration big_decimal -> org.hibernate.type.BigDecimalType@6c9bf3b5
2022-05-13 17:06:52.494 DEBUG 86348 --- [    Test worker] org.hibernate.type.BasicTypeRegistry     : Adding type registration java.math.BigDecimal -> org.hibernate.type.BigDecimalType@6c9bf3b5
2022-05-13 17:06:52.494 DEBUG 86348 --- [    Test worker] org.hibernate.type.BasicTypeRegistry     : Adding type registration big_integer -> org.hibernate.type.BigIntegerType@5d7f1e59
2022-05-13 17:06:52.494 DEBUG 86348 --- [    Test worker] org.hibernate.type.BasicTypeRegistry     : Adding type registration java.math.BigInteger -> org.hibernate.type.BigIntegerType@5d7f1e59
2022-05-13 17:06:52.495 DEBUG 86348 --- [    Test worker] org.hibernate.type.BasicTypeRegistry     : Adding type registration string -> org.hibernate.type.StringType@559d19c
2022-05-13 17:06:52.495 DEBUG 86348 --- [    Test worker] org.hibernate.type.BasicTypeRegistry     : Adding type registration java.lang.String -> org.hibernate.type.StringType@559d19c
2022-05-13 17:06:52.496 DEBUG 86348 --- [    Test worker] org.hibernate.type.BasicTypeRegistry     : Adding type registration nstring -> org.hibernate.type.StringNVarcharType@5409dfdd
2022-05-13 17:06:52.496 DEBUG 86348 --- [    Test worker] org.hibernate.type.BasicTypeRegistry     : Adding type registration ncharacter -> org.hibernate.type.CharacterNCharType@20b54cfe
2022-05-13 17:06:52.497 DEBUG 86348 --- [    Test worker] org.hibernate.type.BasicTypeRegistry     : Adding type registration url -> org.hibernate.type.UrlType@44d43cc9
2022-05-13 17:06:52.497 DEBUG 86348 --- [    Test worker] org.hibernate.type.BasicTypeRegistry     : Adding type registration java.net.URL -> org.hibernate.type.UrlType@44d43cc9
2022-05-13 17:06:52.498 DEBUG 86348 --- [    Test worker] org.hibernate.type.BasicTypeRegistry     : Adding type registration Duration -> org.hibernate.type.DurationType@45cd8607
2022-05-13 17:06:52.498 DEBUG 86348 --- [    Test worker] org.hibernate.type.BasicTypeRegistry     : Adding type registration java.time.Duration -> org.hibernate.type.DurationType@45cd8607
2022-05-13 17:06:52.498 DEBUG 86348 --- [    Test worker] org.hibernate.type.BasicTypeRegistry     : Adding type registration Instant -> org.hibernate.type.InstantType@600bbf9e
2022-05-13 17:06:52.499 DEBUG 86348 --- [    Test worker] org.hibernate.type.BasicTypeRegistry     : Adding type registration java.time.Instant -> org.hibernate.type.InstantType@600bbf9e
2022-05-13 17:06:52.499 DEBUG 86348 --- [    Test worker] org.hibernate.type.BasicTypeRegistry     : Adding type registration LocalDateTime -> org.hibernate.type.LocalDateTimeType@2864f887
2022-05-13 17:06:52.500 DEBUG 86348 --- [    Test worker] org.hibernate.type.BasicTypeRegistry     : Adding type registration java.time.LocalDateTime -> org.hibernate.type.LocalDateTimeType@2864f887
2022-05-13 17:06:52.501 DEBUG 86348 --- [    Test worker] org.hibernate.type.BasicTypeRegistry     : Adding type registration LocalDate -> org.hibernate.type.LocalDateType@b3fc6d8
2022-05-13 17:06:52.501 DEBUG 86348 --- [    Test worker] org.hibernate.type.BasicTypeRegistry     : Adding type registration java.time.LocalDate -> org.hibernate.type.LocalDateType@b3fc6d8
2022-05-13 17:06:52.501 DEBUG 86348 --- [    Test worker] org.hibernate.type.BasicTypeRegistry     : Adding type registration LocalTime -> org.hibernate.type.LocalTimeType@baa227e
2022-05-13 17:06:52.502 DEBUG 86348 --- [    Test worker] org.hibernate.type.BasicTypeRegistry     : Adding type registration java.time.LocalTime -> org.hibernate.type.LocalTimeType@baa227e
2022-05-13 17:06:52.502 DEBUG 86348 --- [    Test worker] org.hibernate.type.BasicTypeRegistry     : Adding type registration OffsetDateTime -> org.hibernate.type.OffsetDateTimeType@6ef037e4
2022-05-13 17:06:52.503 DEBUG 86348 --- [    Test worker] org.hibernate.type.BasicTypeRegistry     : Adding type registration java.time.OffsetDateTime -> org.hibernate.type.OffsetDateTimeType@6ef037e4
2022-05-13 17:06:52.503 DEBUG 86348 --- [    Test worker] org.hibernate.type.BasicTypeRegistry     : Adding type registration OffsetTime -> org.hibernate.type.OffsetTimeType@8b670c0
2022-05-13 17:06:52.504 DEBUG 86348 --- [    Test worker] org.hibernate.type.BasicTypeRegistry     : Adding type registration java.time.OffsetTime -> org.hibernate.type.OffsetTimeType@8b670c0
2022-05-13 17:06:52.506 DEBUG 86348 --- [    Test worker] org.hibernate.type.BasicTypeRegistry     : Adding type registration ZonedDateTime -> org.hibernate.type.ZonedDateTimeType@46d1b59
2022-05-13 17:06:52.506 DEBUG 86348 --- [    Test worker] org.hibernate.type.BasicTypeRegistry     : Adding type registration java.time.ZonedDateTime -> org.hibernate.type.ZonedDateTimeType@46d1b59
2022-05-13 17:06:52.507 DEBUG 86348 --- [    Test worker] org.hibernate.type.BasicTypeRegistry     : Adding type registration date -> org.hibernate.type.DateType@3e2d44f3
2022-05-13 17:06:52.507 DEBUG 86348 --- [    Test worker] org.hibernate.type.BasicTypeRegistry     : Adding type registration java.sql.Date -> org.hibernate.type.DateType@3e2d44f3
2022-05-13 17:06:52.508 DEBUG 86348 --- [    Test worker] org.hibernate.type.BasicTypeRegistry     : Adding type registration time -> org.hibernate.type.TimeType@5cc3e49b
2022-05-13 17:06:52.508 DEBUG 86348 --- [    Test worker] org.hibernate.type.BasicTypeRegistry     : Adding type registration java.sql.Time -> org.hibernate.type.TimeType@5cc3e49b
2022-05-13 17:06:52.509 DEBUG 86348 --- [    Test worker] org.hibernate.type.BasicTypeRegistry     : Adding type registration timestamp -> org.hibernate.type.TimestampType@4fd80300
2022-05-13 17:06:52.509 DEBUG 86348 --- [    Test worker] org.hibernate.type.BasicTypeRegistry     : Adding type registration java.sql.Timestamp -> org.hibernate.type.TimestampType@4fd80300
2022-05-13 17:06:52.509 DEBUG 86348 --- [    Test worker] org.hibernate.type.BasicTypeRegistry     : Adding type registration java.util.Date -> org.hibernate.type.TimestampType@4fd80300
2022-05-13 17:06:52.510 DEBUG 86348 --- [    Test worker] org.hibernate.type.BasicTypeRegistry     : Adding type registration dbtimestamp -> org.hibernate.type.DbTimestampType@63f2e0b
2022-05-13 17:06:52.511 DEBUG 86348 --- [    Test worker] org.hibernate.type.BasicTypeRegistry     : Adding type registration calendar -> org.hibernate.type.CalendarType@56ec6960
2022-05-13 17:06:52.511 DEBUG 86348 --- [    Test worker] org.hibernate.type.BasicTypeRegistry     : Adding type registration java.util.Calendar -> org.hibernate.type.CalendarType@56ec6960
2022-05-13 17:06:52.511 DEBUG 86348 --- [    Test worker] org.hibernate.type.BasicTypeRegistry     : Adding type registration java.util.GregorianCalendar -> org.hibernate.type.CalendarType@56ec6960
2022-05-13 17:06:52.512 DEBUG 86348 --- [    Test worker] org.hibernate.type.BasicTypeRegistry     : Adding type registration calendar_date -> org.hibernate.type.CalendarDateType@184751f3
2022-05-13 17:06:52.512 DEBUG 86348 --- [    Test worker] org.hibernate.type.BasicTypeRegistry     : Adding type registration calendar_time -> org.hibernate.type.CalendarTimeType@6658f08a
2022-05-13 17:06:52.513 DEBUG 86348 --- [    Test worker] org.hibernate.type.BasicTypeRegistry     : Adding type registration locale -> org.hibernate.type.LocaleType@44fb6ebd
2022-05-13 17:06:52.513 DEBUG 86348 --- [    Test worker] org.hibernate.type.BasicTypeRegistry     : Adding type registration java.util.Locale -> org.hibernate.type.LocaleType@44fb6ebd
2022-05-13 17:06:52.513 DEBUG 86348 --- [    Test worker] org.hibernate.type.BasicTypeRegistry     : Adding type registration currency -> org.hibernate.type.CurrencyType@738a815c
2022-05-13 17:06:52.514 DEBUG 86348 --- [    Test worker] org.hibernate.type.BasicTypeRegistry     : Adding type registration java.util.Currency -> org.hibernate.type.CurrencyType@738a815c
2022-05-13 17:06:52.514 DEBUG 86348 --- [    Test worker] org.hibernate.type.BasicTypeRegistry     : Adding type registration timezone -> org.hibernate.type.TimeZoneType@5f0677f3
2022-05-13 17:06:52.514 DEBUG 86348 --- [    Test worker] org.hibernate.type.BasicTypeRegistry     : Adding type registration java.util.TimeZone -> org.hibernate.type.TimeZoneType@5f0677f3
2022-05-13 17:06:52.515 DEBUG 86348 --- [    Test worker] org.hibernate.type.BasicTypeRegistry     : Adding type registration class -> org.hibernate.type.ClassType@4228f269
2022-05-13 17:06:52.515 DEBUG 86348 --- [    Test worker] org.hibernate.type.BasicTypeRegistry     : Adding type registration java.lang.Class -> org.hibernate.type.ClassType@4228f269
2022-05-13 17:06:52.516 DEBUG 86348 --- [    Test worker] org.hibernate.type.BasicTypeRegistry     : Adding type registration uuid-binary -> org.hibernate.type.UUIDBinaryType@11abd6c
2022-05-13 17:06:52.516 DEBUG 86348 --- [    Test worker] org.hibernate.type.BasicTypeRegistry     : Adding type registration java.util.UUID -> org.hibernate.type.UUIDBinaryType@11abd6c
2022-05-13 17:06:52.517 DEBUG 86348 --- [    Test worker] org.hibernate.type.BasicTypeRegistry     : Adding type registration uuid-char -> org.hibernate.type.UUIDCharType@21a6a494
2022-05-13 17:06:52.518 DEBUG 86348 --- [    Test worker] org.hibernate.type.BasicTypeRegistry     : Adding type registration binary -> org.hibernate.type.BinaryType@7534785a
2022-05-13 17:06:52.518 DEBUG 86348 --- [    Test worker] org.hibernate.type.BasicTypeRegistry     : Adding type registration byte[] -> org.hibernate.type.BinaryType@7534785a
2022-05-13 17:06:52.518 DEBUG 86348 --- [    Test worker] org.hibernate.type.BasicTypeRegistry     : Adding type registration [B -> org.hibernate.type.BinaryType@7534785a
2022-05-13 17:06:52.519 DEBUG 86348 --- [    Test worker] org.hibernate.type.BasicTypeRegistry     : Adding type registration wrapper-binary -> org.hibernate.type.WrapperBinaryType@4300e240
2022-05-13 17:06:52.519 DEBUG 86348 --- [    Test worker] org.hibernate.type.BasicTypeRegistry     : Adding type registration Byte[] -> org.hibernate.type.WrapperBinaryType@4300e240
2022-05-13 17:06:52.519 DEBUG 86348 --- [    Test worker] org.hibernate.type.BasicTypeRegistry     : Adding type registration [Ljava.lang.Byte; -> org.hibernate.type.WrapperBinaryType@4300e240
2022-05-13 17:06:52.520 DEBUG 86348 --- [    Test worker] org.hibernate.type.BasicTypeRegistry     : Adding type registration row_version -> org.hibernate.type.RowVersionType@7afbf2a0
2022-05-13 17:06:52.521 DEBUG 86348 --- [    Test worker] org.hibernate.type.BasicTypeRegistry     : Adding type registration image -> org.hibernate.type.ImageType@5e0f2c82
2022-05-13 17:06:52.521 DEBUG 86348 --- [    Test worker] org.hibernate.type.BasicTypeRegistry     : Adding type registration characters -> org.hibernate.type.CharArrayType@6b2ef50e
2022-05-13 17:06:52.522 DEBUG 86348 --- [    Test worker] org.hibernate.type.BasicTypeRegistry     : Adding type registration char[] -> org.hibernate.type.CharArrayType@6b2ef50e
2022-05-13 17:06:52.522 DEBUG 86348 --- [    Test worker] org.hibernate.type.BasicTypeRegistry     : Adding type registration [C -> org.hibernate.type.CharArrayType@6b2ef50e
2022-05-13 17:06:52.522 DEBUG 86348 --- [    Test worker] org.hibernate.type.BasicTypeRegistry     : Adding type registration wrapper-characters -> org.hibernate.type.CharacterArrayType@2ef041bb
2022-05-13 17:06:52.523 DEBUG 86348 --- [    Test worker] org.hibernate.type.BasicTypeRegistry     : Adding type registration [Ljava.lang.Character; -> org.hibernate.type.CharacterArrayType@2ef041bb
2022-05-13 17:06:52.523 DEBUG 86348 --- [    Test worker] org.hibernate.type.BasicTypeRegistry     : Adding type registration Character[] -> org.hibernate.type.CharacterArrayType@2ef041bb
2022-05-13 17:06:52.523 DEBUG 86348 --- [    Test worker] org.hibernate.type.BasicTypeRegistry     : Adding type registration text -> org.hibernate.type.TextType@d16209e
2022-05-13 17:06:52.523 DEBUG 86348 --- [    Test worker] org.hibernate.type.BasicTypeRegistry     : Adding type registration ntext -> org.hibernate.type.NTextType@51af8049
2022-05-13 17:06:52.525 DEBUG 86348 --- [    Test worker] org.hibernate.type.BasicTypeRegistry     : Adding type registration blob -> org.hibernate.type.BlobType@1d6713dd
2022-05-13 17:06:52.526 DEBUG 86348 --- [    Test worker] org.hibernate.type.BasicTypeRegistry     : Adding type registration java.sql.Blob -> org.hibernate.type.BlobType@1d6713dd
2022-05-13 17:06:52.526 DEBUG 86348 --- [    Test worker] org.hibernate.type.BasicTypeRegistry     : Adding type registration materialized_blob -> org.hibernate.type.MaterializedBlobType@adafe19
2022-05-13 17:06:52.527 DEBUG 86348 --- [    Test worker] org.hibernate.type.BasicTypeRegistry     : Adding type registration clob -> org.hibernate.type.ClobType@15c16f19
2022-05-13 17:06:52.527 DEBUG 86348 --- [    Test worker] org.hibernate.type.BasicTypeRegistry     : Adding type registration java.sql.Clob -> org.hibernate.type.ClobType@15c16f19
2022-05-13 17:06:52.528 DEBUG 86348 --- [    Test worker] org.hibernate.type.BasicTypeRegistry     : Adding type registration nclob -> org.hibernate.type.NClobType@2b3f7704
2022-05-13 17:06:52.528 DEBUG 86348 --- [    Test worker] org.hibernate.type.BasicTypeRegistry     : Adding type registration java.sql.NClob -> org.hibernate.type.NClobType@2b3f7704
2022-05-13 17:06:52.529 DEBUG 86348 --- [    Test worker] org.hibernate.type.BasicTypeRegistry     : Adding type registration materialized_clob -> org.hibernate.type.MaterializedClobType@6a6d1ff3
2022-05-13 17:06:52.529 DEBUG 86348 --- [    Test worker] org.hibernate.type.BasicTypeRegistry     : Adding type registration materialized_nclob -> org.hibernate.type.MaterializedNClobType@39c7fb0b
2022-05-13 17:06:52.530 DEBUG 86348 --- [    Test worker] org.hibernate.type.BasicTypeRegistry     : Adding type registration serializable -> org.hibernate.type.SerializableType@322b09da
2022-05-13 17:06:52.533 DEBUG 86348 --- [    Test worker] org.hibernate.type.BasicTypeRegistry     : Adding type registration object -> org.hibernate.type.ObjectType@67eeb310
2022-05-13 17:06:52.533 DEBUG 86348 --- [    Test worker] org.hibernate.type.BasicTypeRegistry     : Adding type registration java.lang.Object -> org.hibernate.type.ObjectType@67eeb310
2022-05-13 17:06:52.533 DEBUG 86348 --- [    Test worker] org.hibernate.type.BasicTypeRegistry     : Adding type registration imm_date -> org.hibernate.type.AdaptedImmutableType@bd4ee01
2022-05-13 17:06:52.533 DEBUG 86348 --- [    Test worker] org.hibernate.type.BasicTypeRegistry     : Adding type registration imm_time -> org.hibernate.type.AdaptedImmutableType@7f93f4c
2022-05-13 17:06:52.533 DEBUG 86348 --- [    Test worker] org.hibernate.type.BasicTypeRegistry     : Adding type registration imm_timestamp -> org.hibernate.type.AdaptedImmutableType@598657cd
2022-05-13 17:06:52.533 DEBUG 86348 --- [    Test worker] org.hibernate.type.BasicTypeRegistry     : Adding type registration imm_dbtimestamp -> org.hibernate.type.AdaptedImmutableType@456aa471
2022-05-13 17:06:52.534 DEBUG 86348 --- [    Test worker] org.hibernate.type.BasicTypeRegistry     : Adding type registration imm_calendar -> org.hibernate.type.AdaptedImmutableType@69e2fe3b
2022-05-13 17:06:52.534 DEBUG 86348 --- [    Test worker] org.hibernate.type.BasicTypeRegistry     : Adding type registration imm_calendar_date -> org.hibernate.type.AdaptedImmutableType@27afbf14
2022-05-13 17:06:52.534 DEBUG 86348 --- [    Test worker] org.hibernate.type.BasicTypeRegistry     : Adding type registration imm_binary -> org.hibernate.type.AdaptedImmutableType@4cfcac13
2022-05-13 17:06:52.534 DEBUG 86348 --- [    Test worker] org.hibernate.type.BasicTypeRegistry     : Adding type registration imm_serializable -> org.hibernate.type.AdaptedImmutableType@5c25d0d1
2022-05-13 17:06:52.574  INFO 86348 --- [    Test worker] com.zaxxer.hikari.HikariDataSource       : HikariCP - Starting...
2022-05-13 17:06:52.664  INFO 86348 --- [    Test worker] com.zaxxer.hikari.HikariDataSource       : HikariCP - Start completed.
2022-05-13 17:06:52.681  INFO 86348 --- [    Test worker] org.hibernate.dialect.Dialect            : HHH000400: Using dialect: org.hibernate.dialect.H2Dialect
2022-05-13 17:06:52.729 DEBUG 86348 --- [    Test worker] o.h.type.spi.TypeConfiguration$Scope     : Scoping TypeConfiguration [org.hibernate.type.spi.TypeConfiguration@3eec8583] to MetadataBuildingContext [org.hibernate.boot.internal.MetadataBuildingContextRootImpl@66e1b2a]
2022-05-13 17:06:52.952 DEBUG 86348 --- [    Test worker] o.h.type.spi.TypeConfiguration$Scope     : Scoping TypeConfiguration [org.hibernate.type.spi.TypeConfiguration@3eec8583] to SessionFactoryImpl [org.hibernate.internal.SessionFactoryImpl@616f81b5]
2022-05-13 17:06:53.241  INFO 86348 --- [    Test worker] o.h.e.t.j.p.i.JtaPlatformInitiator       : HHH000490: Using JtaPlatform implementation: [org.hibernate.engine.transaction.jta.platform.internal.NoJtaPlatform]
2022-05-13 17:06:53.248 TRACE 86348 --- [    Test worker] o.h.type.spi.TypeConfiguration$Scope     : Handling #sessionFactoryCreated from [org.hibernate.internal.SessionFactoryImpl@616f81b5] for TypeConfiguration
2022-05-13 17:06:53.250  INFO 86348 --- [    Test worker] j.LocalContainerEntityManagerFactoryBean : Initialized JPA EntityManagerFactory for persistence unit 'default'
2022-05-13 17:06:53.255  INFO 86348 --- [    Test worker] f.a.AutowiredAnnotationBeanPostProcessor : Autowired annotation is not supported on static methods: public static void com.hermes.hermestock.HermestockApplication.main(java.lang.String[])
2022-05-13 17:06:54.033  INFO 86348 --- [    Test worker] o.s.b.a.w.s.WelcomePageHandlerMapping    : Adding welcome page: class path resource [static/index.html]
17:06:54.320438
now = 17:06:54.320890
isTest = true
targetDate = 20220228
2022-05-13 17:06:54.324  INFO 86348 --- [   scheduling-1] c.hermes.hermestock.service.FileService  : 0file(s) deleted.
file = /Users/a201808029/sandbox/java/hermestock/TOP5/data_3542_20220513.csv
2022-05-13 17:06:54.324  INFO 86348 --- [    Test worker] c.h.h.HermestockApplicationTests         : Started HermestockApplicationTests in 3.635 seconds (JVM running for 4.733)
file = /Users/a201808029/sandbox/java/hermestock/TOP5/data_3538_20220513.csv
file = /Users/a201808029/sandbox/java/hermestock/TOP5/data_3540_20220513.csv
file = /Users/a201808029/sandbox/java/hermestock/TOP5/data_3536_20220513.csv
Deleted filename = /Users/a201808029/sandbox/java/hermestock/TOP5/data_3536_20220513.csv
Deleted filename = /Users/a201808029/sandbox/java/hermestock/TOP5/data_3538_20220513.csv
Deleted filename = /Users/a201808029/sandbox/java/hermestock/TOP5/data_3540_20220513.csv
Deleted filename = /Users/a201808029/sandbox/java/hermestock/TOP5/data_3542_20220513.csv
2022-05-13 17:06:54.326  INFO 86348 --- [   scheduling-1] c.hermes.hermestock.service.FileService  : 0file(s) deleted.
]]></system-out>
  <system-err><![CDATA[]]></system-err>
</testsuite>
