<?xml version="1.0" encoding="UTF-8"?>
<testsuite name="com.hermes.hermestock.HermestockApplicationTests" tests="1" skipped="0" failures="0" errors="0" timestamp="2022-10-18T07:37:53" hostname="A201808029-02.local" time="0.125">
  <properties/>
  <testcase name="contextLoads()" classname="com.hermes.hermestock.HermestockApplicationTests" time="0.125"/>
  <system-out><![CDATA[16:37:48.849 [Test worker] DEBUG org.springframework.test.context.BootstrapUtils - Instantiating CacheAwareContextLoaderDelegate from class [org.springframework.test.context.cache.DefaultCacheAwareContextLoaderDelegate]
16:37:48.859 [Test worker] DEBUG org.springframework.test.context.BootstrapUtils - Instantiating BootstrapContext using constructor [public org.springframework.test.context.support.DefaultBootstrapContext(java.lang.Class,org.springframework.test.context.CacheAwareContextLoaderDelegate)]
16:37:48.888 [Test worker] DEBUG org.springframework.test.context.BootstrapUtils - Instantiating TestContextBootstrapper for test class [com.hermes.hermestock.HermestockApplicationTests] from class [org.springframework.boot.test.context.SpringBootTestContextBootstrapper]
16:37:48.900 [Test worker] INFO org.springframework.boot.test.context.SpringBootTestContextBootstrapper - Neither @ContextConfiguration nor @ContextHierarchy found for test class [com.hermes.hermestock.HermestockApplicationTests], using SpringBootContextLoader
16:37:48.904 [Test worker] DEBUG org.springframework.test.context.support.AbstractContextLoader - Did not detect default resource location for test class [com.hermes.hermestock.HermestockApplicationTests]: class path resource [com/hermes/hermestock/HermestockApplicationTests-context.xml] does not exist
16:37:48.904 [Test worker] DEBUG org.springframework.test.context.support.AbstractContextLoader - Did not detect default resource location for test class [com.hermes.hermestock.HermestockApplicationTests]: class path resource [com/hermes/hermestock/HermestockApplicationTestsContext.groovy] does not exist
16:37:48.904 [Test worker] INFO org.springframework.test.context.support.AbstractContextLoader - Could not detect default resource locations for test class [com.hermes.hermestock.HermestockApplicationTests]: no resource found for suffixes {-context.xml, Context.groovy}.
16:37:48.905 [Test worker] INFO org.springframework.test.context.support.AnnotationConfigContextLoaderUtils - Could not detect default configuration classes for test class [com.hermes.hermestock.HermestockApplicationTests]: HermestockApplicationTests does not declare any static, non-private, non-final, nested classes annotated with @Configuration.
16:37:48.947 [Test worker] DEBUG org.springframework.test.context.support.ActiveProfilesUtils - Could not find an 'annotation declaring class' for annotation type [org.springframework.test.context.ActiveProfiles] and class [com.hermes.hermestock.HermestockApplicationTests]
16:37:48.997 [Test worker] DEBUG org.springframework.context.annotation.ClassPathScanningCandidateComponentProvider - Identified candidate component class: file [/Users/a201808029/sandbox/java/hermestock/build/classes/java/main/com/hermes/hermestock/HermestockApplication.class]
16:37:48.997 [Test worker] INFO org.springframework.boot.test.context.SpringBootTestContextBootstrapper - Found @SpringBootConfiguration com.hermes.hermestock.HermestockApplication for test class com.hermes.hermestock.HermestockApplicationTests
16:37:49.090 [Test worker] DEBUG org.springframework.boot.test.context.SpringBootTestContextBootstrapper - @TestExecutionListeners is not present for class [com.hermes.hermestock.HermestockApplicationTests]: using defaults.
16:37:49.090 [Test worker] INFO org.springframework.boot.test.context.SpringBootTestContextBootstrapper - Loaded default TestExecutionListener class names from location [META-INF/spring.factories]: [org.springframework.boot.test.autoconfigure.restdocs.RestDocsTestExecutionListener, org.springframework.boot.test.autoconfigure.web.client.MockRestServiceServerResetTestExecutionListener, org.springframework.boot.test.autoconfigure.web.servlet.MockMvcPrintOnlyOnFailureTestExecutionListener, org.springframework.boot.test.autoconfigure.web.servlet.WebDriverTestExecutionListener, org.springframework.boot.test.autoconfigure.webservices.client.MockWebServiceServerTestExecutionListener, org.springframework.boot.test.mock.mockito.MockitoTestExecutionListener, org.springframework.boot.test.mock.mockito.ResetMocksTestExecutionListener, org.springframework.test.context.web.ServletTestExecutionListener, org.springframework.test.context.support.DirtiesContextBeforeModesTestExecutionListener, org.springframework.test.context.event.ApplicationEventsTestExecutionListener, org.springframework.test.context.support.DependencyInjectionTestExecutionListener, org.springframework.test.context.support.DirtiesContextTestExecutionListener, org.springframework.test.context.transaction.TransactionalTestExecutionListener, org.springframework.test.context.jdbc.SqlScriptsTestExecutionListener, org.springframework.test.context.event.EventPublishingTestExecutionListener]
16:37:49.109 [Test worker] INFO org.springframework.boot.test.context.SpringBootTestContextBootstrapper - Using TestExecutionListeners: [org.springframework.test.context.web.ServletTestExecutionListener@2f40a43, org.springframework.test.context.support.DirtiesContextBeforeModesTestExecutionListener@3caa4757, org.springframework.test.context.event.ApplicationEventsTestExecutionListener@69c43e48, org.springframework.boot.test.mock.mockito.MockitoTestExecutionListener@1804f60d, org.springframework.boot.test.autoconfigure.SpringBootDependencyInjectionTestExecutionListener@3a80515c, org.springframework.test.context.support.DirtiesContextTestExecutionListener@547e29a4, org.springframework.test.context.transaction.TransactionalTestExecutionListener@1c807b1d, org.springframework.test.context.jdbc.SqlScriptsTestExecutionListener@238b521e, org.springframework.test.context.event.EventPublishingTestExecutionListener@1b39fd82, org.springframework.boot.test.autoconfigure.restdocs.RestDocsTestExecutionListener@3e2fc448, org.springframework.boot.test.autoconfigure.web.client.MockRestServiceServerResetTestExecutionListener@21680803, org.springframework.boot.test.autoconfigure.web.servlet.MockMvcPrintOnlyOnFailureTestExecutionListener@588ab592, org.springframework.boot.test.autoconfigure.web.servlet.WebDriverTestExecutionListener@c8b96ec, org.springframework.boot.test.autoconfigure.webservices.client.MockWebServiceServerTestExecutionListener@4cc61eb1, org.springframework.boot.test.mock.mockito.ResetMocksTestExecutionListener@2d8f2f3a]
16:37:49.113 [Test worker] DEBUG org.springframework.test.context.support.AbstractDirtiesContextTestExecutionListener - Before test class: context [DefaultTestContext@50b8ae8d testClass = HermestockApplicationTests, testInstance = [null], testMethod = [null], testException = [null], mergedContextConfiguration = [WebMergedContextConfiguration@255990cc testClass = HermestockApplicationTests, locations = '{}', classes = '{class com.hermes.hermestock.HermestockApplication}', contextInitializerClasses = '[]', activeProfiles = '{}', propertySourceLocations = '{}', propertySourceProperties = '{org.springframework.boot.test.context.SpringBootTestContextBootstrapper=true}', contextCustomizers = set[org.springframework.boot.test.autoconfigure.actuate.metrics.MetricsExportContextCustomizerFactory$DisableMetricExportContextCustomizer@1021f6c9, org.springframework.boot.test.autoconfigure.properties.PropertyMappingContextCustomizer@0, org.springframework.boot.test.autoconfigure.web.servlet.WebDriverContextCustomizerFactory$Customizer@4c398c80, org.springframework.boot.test.context.filter.ExcludeFilterContextCustomizer@29df4d43, org.springframework.boot.test.json.DuplicateJsonObjectContextCustomizerFactory$DuplicateJsonObjectContextCustomizer@3382f8ae, org.springframework.boot.test.mock.mockito.MockitoContextCustomizer@0, org.springframework.boot.test.web.client.TestRestTemplateContextCustomizer@34997338, org.springframework.boot.test.context.SpringBootTestArgs@1, org.springframework.boot.test.context.SpringBootTestWebEnvironment@4c2bb6e0], resourceBasePath = 'src/main/webapp', contextLoader = 'org.springframework.boot.test.context.SpringBootContextLoader', parent = [null]], attributes = map['org.springframework.test.context.web.ServletTestExecutionListener.activateListener' -> true]], class annotated with @DirtiesContext [false] with mode [null].

  .   ____          _            __ _ _
 /\\ / ___'_ __ _ _(_)_ __  __ _ \ \ \ \
( ( )\___ | '_ | '_| | '_ \/ _` | \ \ \ \
 \\/  ___)| |_)| | | | | || (_| |  ) ) ) )
  '  |____| .__|_| |_|_| |_\__, | / / / /
 =========|_|==============|___/=/_/_/_/
 :: Spring Boot ::                (v2.6.3)

2022-10-18 16:37:49.511  INFO 33684 --- [    Test worker] c.h.h.HermestockApplicationTests         : Starting HermestockApplicationTests using Java 11.0.13 on A201808029-02.local with PID 33684 (started by a201808029 in /Users/a201808029/sandbox/java/hermestock)
2022-10-18 16:37:49.511  INFO 33684 --- [    Test worker] c.h.h.HermestockApplicationTests         : No active profile set, falling back to default profiles: default
2022-10-18 16:37:50.224  INFO 33684 --- [    Test worker] .s.d.r.c.RepositoryConfigurationDelegate : Bootstrapping Spring Data JPA repositories in DEFAULT mode.
2022-10-18 16:37:50.332  INFO 33684 --- [    Test worker] .s.d.r.c.RepositoryConfigurationDelegate : Finished Spring Data repository scanning in 95 ms. Found 2 JPA repository interfaces.
2022-10-18 16:37:51.077  INFO 33684 --- [    Test worker] o.hibernate.jpa.internal.util.LogHelper  : HHH000204: Processing PersistenceUnitInfo [name: default]
2022-10-18 16:37:51.129  INFO 33684 --- [    Test worker] org.hibernate.Version                    : HHH000412: Hibernate ORM core version 5.6.4.Final
2022-10-18 16:37:51.291  INFO 33684 --- [    Test worker] o.hibernate.annotations.common.Version   : HCANN000001: Hibernate Commons Annotations {5.1.2.Final}
2022-10-18 16:37:51.318 DEBUG 33684 --- [    Test worker] org.hibernate.type.BasicTypeRegistry     : Adding type registration boolean -> org.hibernate.type.BooleanType@3b770d07
2022-10-18 16:37:51.318 DEBUG 33684 --- [    Test worker] org.hibernate.type.BasicTypeRegistry     : Adding type registration boolean -> org.hibernate.type.BooleanType@3b770d07
2022-10-18 16:37:51.318 DEBUG 33684 --- [    Test worker] org.hibernate.type.BasicTypeRegistry     : Adding type registration java.lang.Boolean -> org.hibernate.type.BooleanType@3b770d07
2022-10-18 16:37:51.319 DEBUG 33684 --- [    Test worker] org.hibernate.type.BasicTypeRegistry     : Adding type registration numeric_boolean -> org.hibernate.type.NumericBooleanType@6f07d414
2022-10-18 16:37:51.319 DEBUG 33684 --- [    Test worker] org.hibernate.type.BasicTypeRegistry     : Adding type registration true_false -> org.hibernate.type.TrueFalseType@223967ea
2022-10-18 16:37:51.320 DEBUG 33684 --- [    Test worker] org.hibernate.type.BasicTypeRegistry     : Adding type registration yes_no -> org.hibernate.type.YesNoType@3a861417
2022-10-18 16:37:51.321 DEBUG 33684 --- [    Test worker] org.hibernate.type.BasicTypeRegistry     : Adding type registration byte -> org.hibernate.type.ByteType@1f172892
2022-10-18 16:37:51.321 DEBUG 33684 --- [    Test worker] org.hibernate.type.BasicTypeRegistry     : Adding type registration byte -> org.hibernate.type.ByteType@1f172892
2022-10-18 16:37:51.322 DEBUG 33684 --- [    Test worker] org.hibernate.type.BasicTypeRegistry     : Adding type registration java.lang.Byte -> org.hibernate.type.ByteType@1f172892
2022-10-18 16:37:51.322 DEBUG 33684 --- [    Test worker] org.hibernate.type.BasicTypeRegistry     : Adding type registration character -> org.hibernate.type.CharacterType@5c9e8a67
2022-10-18 16:37:51.323 DEBUG 33684 --- [    Test worker] org.hibernate.type.BasicTypeRegistry     : Adding type registration char -> org.hibernate.type.CharacterType@5c9e8a67
2022-10-18 16:37:51.323 DEBUG 33684 --- [    Test worker] org.hibernate.type.BasicTypeRegistry     : Adding type registration java.lang.Character -> org.hibernate.type.CharacterType@5c9e8a67
2022-10-18 16:37:51.324 DEBUG 33684 --- [    Test worker] org.hibernate.type.BasicTypeRegistry     : Adding type registration short -> org.hibernate.type.ShortType@656ec00d
2022-10-18 16:37:51.324 DEBUG 33684 --- [    Test worker] org.hibernate.type.BasicTypeRegistry     : Adding type registration short -> org.hibernate.type.ShortType@656ec00d
2022-10-18 16:37:51.324 DEBUG 33684 --- [    Test worker] org.hibernate.type.BasicTypeRegistry     : Adding type registration java.lang.Short -> org.hibernate.type.ShortType@656ec00d
2022-10-18 16:37:51.325 DEBUG 33684 --- [    Test worker] org.hibernate.type.BasicTypeRegistry     : Adding type registration integer -> org.hibernate.type.IntegerType@c497a55
2022-10-18 16:37:51.325 DEBUG 33684 --- [    Test worker] org.hibernate.type.BasicTypeRegistry     : Adding type registration int -> org.hibernate.type.IntegerType@c497a55
2022-10-18 16:37:51.325 DEBUG 33684 --- [    Test worker] org.hibernate.type.BasicTypeRegistry     : Adding type registration java.lang.Integer -> org.hibernate.type.IntegerType@c497a55
2022-10-18 16:37:51.326 DEBUG 33684 --- [    Test worker] org.hibernate.type.BasicTypeRegistry     : Adding type registration long -> org.hibernate.type.LongType@72b40f87
2022-10-18 16:37:51.326 DEBUG 33684 --- [    Test worker] org.hibernate.type.BasicTypeRegistry     : Adding type registration long -> org.hibernate.type.LongType@72b40f87
2022-10-18 16:37:51.326 DEBUG 33684 --- [    Test worker] org.hibernate.type.BasicTypeRegistry     : Adding type registration java.lang.Long -> org.hibernate.type.LongType@72b40f87
2022-10-18 16:37:51.327 DEBUG 33684 --- [    Test worker] org.hibernate.type.BasicTypeRegistry     : Adding type registration float -> org.hibernate.type.FloatType@507049f2
2022-10-18 16:37:51.327 DEBUG 33684 --- [    Test worker] org.hibernate.type.BasicTypeRegistry     : Adding type registration float -> org.hibernate.type.FloatType@507049f2
2022-10-18 16:37:51.327 DEBUG 33684 --- [    Test worker] org.hibernate.type.BasicTypeRegistry     : Adding type registration java.lang.Float -> org.hibernate.type.FloatType@507049f2
2022-10-18 16:37:51.328 DEBUG 33684 --- [    Test worker] org.hibernate.type.BasicTypeRegistry     : Adding type registration double -> org.hibernate.type.DoubleType@5ed31735
2022-10-18 16:37:51.328 DEBUG 33684 --- [    Test worker] org.hibernate.type.BasicTypeRegistry     : Adding type registration double -> org.hibernate.type.DoubleType@5ed31735
2022-10-18 16:37:51.328 DEBUG 33684 --- [    Test worker] org.hibernate.type.BasicTypeRegistry     : Adding type registration java.lang.Double -> org.hibernate.type.DoubleType@5ed31735
2022-10-18 16:37:51.329 DEBUG 33684 --- [    Test worker] org.hibernate.type.BasicTypeRegistry     : Adding type registration big_decimal -> org.hibernate.type.BigDecimalType@2b682e9
2022-10-18 16:37:51.329 DEBUG 33684 --- [    Test worker] org.hibernate.type.BasicTypeRegistry     : Adding type registration java.math.BigDecimal -> org.hibernate.type.BigDecimalType@2b682e9
2022-10-18 16:37:51.330 DEBUG 33684 --- [    Test worker] org.hibernate.type.BasicTypeRegistry     : Adding type registration big_integer -> org.hibernate.type.BigIntegerType@2e2b9f53
2022-10-18 16:37:51.330 DEBUG 33684 --- [    Test worker] org.hibernate.type.BasicTypeRegistry     : Adding type registration java.math.BigInteger -> org.hibernate.type.BigIntegerType@2e2b9f53
2022-10-18 16:37:51.331 DEBUG 33684 --- [    Test worker] org.hibernate.type.BasicTypeRegistry     : Adding type registration string -> org.hibernate.type.StringType@22fb9a2c
2022-10-18 16:37:51.331 DEBUG 33684 --- [    Test worker] org.hibernate.type.BasicTypeRegistry     : Adding type registration java.lang.String -> org.hibernate.type.StringType@22fb9a2c
2022-10-18 16:37:51.331 DEBUG 33684 --- [    Test worker] org.hibernate.type.BasicTypeRegistry     : Adding type registration nstring -> org.hibernate.type.StringNVarcharType@7cc1f72c
2022-10-18 16:37:51.332 DEBUG 33684 --- [    Test worker] org.hibernate.type.BasicTypeRegistry     : Adding type registration ncharacter -> org.hibernate.type.CharacterNCharType@4586a8aa
2022-10-18 16:37:51.332 DEBUG 33684 --- [    Test worker] org.hibernate.type.BasicTypeRegistry     : Adding type registration url -> org.hibernate.type.UrlType@26d40c77
2022-10-18 16:37:51.333 DEBUG 33684 --- [    Test worker] org.hibernate.type.BasicTypeRegistry     : Adding type registration java.net.URL -> org.hibernate.type.UrlType@26d40c77
2022-10-18 16:37:51.333 DEBUG 33684 --- [    Test worker] org.hibernate.type.BasicTypeRegistry     : Adding type registration Duration -> org.hibernate.type.DurationType@30fbc23
2022-10-18 16:37:51.333 DEBUG 33684 --- [    Test worker] org.hibernate.type.BasicTypeRegistry     : Adding type registration java.time.Duration -> org.hibernate.type.DurationType@30fbc23
2022-10-18 16:37:51.334 DEBUG 33684 --- [    Test worker] org.hibernate.type.BasicTypeRegistry     : Adding type registration Instant -> org.hibernate.type.InstantType@5f883d90
2022-10-18 16:37:51.335 DEBUG 33684 --- [    Test worker] org.hibernate.type.BasicTypeRegistry     : Adding type registration java.time.Instant -> org.hibernate.type.InstantType@5f883d90
2022-10-18 16:37:51.336 DEBUG 33684 --- [    Test worker] org.hibernate.type.BasicTypeRegistry     : Adding type registration LocalDateTime -> org.hibernate.type.LocalDateTimeType@3eac2e8a
2022-10-18 16:37:51.336 DEBUG 33684 --- [    Test worker] org.hibernate.type.BasicTypeRegistry     : Adding type registration java.time.LocalDateTime -> org.hibernate.type.LocalDateTimeType@3eac2e8a
2022-10-18 16:37:51.337 DEBUG 33684 --- [    Test worker] org.hibernate.type.BasicTypeRegistry     : Adding type registration LocalDate -> org.hibernate.type.LocalDateType@9f0fc36
2022-10-18 16:37:51.337 DEBUG 33684 --- [    Test worker] org.hibernate.type.BasicTypeRegistry     : Adding type registration java.time.LocalDate -> org.hibernate.type.LocalDateType@9f0fc36
2022-10-18 16:37:51.337 DEBUG 33684 --- [    Test worker] org.hibernate.type.BasicTypeRegistry     : Adding type registration LocalTime -> org.hibernate.type.LocalTimeType@286866cb
2022-10-18 16:37:51.338 DEBUG 33684 --- [    Test worker] org.hibernate.type.BasicTypeRegistry     : Adding type registration java.time.LocalTime -> org.hibernate.type.LocalTimeType@286866cb
2022-10-18 16:37:51.338 DEBUG 33684 --- [    Test worker] org.hibernate.type.BasicTypeRegistry     : Adding type registration OffsetDateTime -> org.hibernate.type.OffsetDateTimeType@184751f3
2022-10-18 16:37:51.339 DEBUG 33684 --- [    Test worker] org.hibernate.type.BasicTypeRegistry     : Adding type registration java.time.OffsetDateTime -> org.hibernate.type.OffsetDateTimeType@184751f3
2022-10-18 16:37:51.339 DEBUG 33684 --- [    Test worker] org.hibernate.type.BasicTypeRegistry     : Adding type registration OffsetTime -> org.hibernate.type.OffsetTimeType@6658f08a
2022-10-18 16:37:51.340 DEBUG 33684 --- [    Test worker] org.hibernate.type.BasicTypeRegistry     : Adding type registration java.time.OffsetTime -> org.hibernate.type.OffsetTimeType@6658f08a
2022-10-18 16:37:51.341 DEBUG 33684 --- [    Test worker] org.hibernate.type.BasicTypeRegistry     : Adding type registration ZonedDateTime -> org.hibernate.type.ZonedDateTimeType@2565a7d0
2022-10-18 16:37:51.341 DEBUG 33684 --- [    Test worker] org.hibernate.type.BasicTypeRegistry     : Adding type registration java.time.ZonedDateTime -> org.hibernate.type.ZonedDateTimeType@2565a7d0
2022-10-18 16:37:51.342 DEBUG 33684 --- [    Test worker] org.hibernate.type.BasicTypeRegistry     : Adding type registration date -> org.hibernate.type.DateType@3686389
2022-10-18 16:37:51.342 DEBUG 33684 --- [    Test worker] org.hibernate.type.BasicTypeRegistry     : Adding type registration java.sql.Date -> org.hibernate.type.DateType@3686389
2022-10-18 16:37:51.343 DEBUG 33684 --- [    Test worker] org.hibernate.type.BasicTypeRegistry     : Adding type registration time -> org.hibernate.type.TimeType@77ce88c4
2022-10-18 16:37:51.343 DEBUG 33684 --- [    Test worker] org.hibernate.type.BasicTypeRegistry     : Adding type registration java.sql.Time -> org.hibernate.type.TimeType@77ce88c4
2022-10-18 16:37:51.344 DEBUG 33684 --- [    Test worker] org.hibernate.type.BasicTypeRegistry     : Adding type registration timestamp -> org.hibernate.type.TimestampType@236861da
2022-10-18 16:37:51.344 DEBUG 33684 --- [    Test worker] org.hibernate.type.BasicTypeRegistry     : Adding type registration java.sql.Timestamp -> org.hibernate.type.TimestampType@236861da
2022-10-18 16:37:51.344 DEBUG 33684 --- [    Test worker] org.hibernate.type.BasicTypeRegistry     : Adding type registration java.util.Date -> org.hibernate.type.TimestampType@236861da
2022-10-18 16:37:51.345 DEBUG 33684 --- [    Test worker] org.hibernate.type.BasicTypeRegistry     : Adding type registration dbtimestamp -> org.hibernate.type.DbTimestampType@3513d214
2022-10-18 16:37:51.346 DEBUG 33684 --- [    Test worker] org.hibernate.type.BasicTypeRegistry     : Adding type registration calendar -> org.hibernate.type.CalendarType@4300e240
2022-10-18 16:37:51.346 DEBUG 33684 --- [    Test worker] org.hibernate.type.BasicTypeRegistry     : Adding type registration java.util.Calendar -> org.hibernate.type.CalendarType@4300e240
2022-10-18 16:37:51.347 DEBUG 33684 --- [    Test worker] org.hibernate.type.BasicTypeRegistry     : Adding type registration java.util.GregorianCalendar -> org.hibernate.type.CalendarType@4300e240
2022-10-18 16:37:51.347 DEBUG 33684 --- [    Test worker] org.hibernate.type.BasicTypeRegistry     : Adding type registration calendar_date -> org.hibernate.type.CalendarDateType@5822ecda
2022-10-18 16:37:51.348 DEBUG 33684 --- [    Test worker] org.hibernate.type.BasicTypeRegistry     : Adding type registration calendar_time -> org.hibernate.type.CalendarTimeType@98637a2
2022-10-18 16:37:51.349 DEBUG 33684 --- [    Test worker] org.hibernate.type.BasicTypeRegistry     : Adding type registration locale -> org.hibernate.type.LocaleType@6f867b0c
2022-10-18 16:37:51.349 DEBUG 33684 --- [    Test worker] org.hibernate.type.BasicTypeRegistry     : Adding type registration java.util.Locale -> org.hibernate.type.LocaleType@6f867b0c
2022-10-18 16:37:51.350 DEBUG 33684 --- [    Test worker] org.hibernate.type.BasicTypeRegistry     : Adding type registration currency -> org.hibernate.type.CurrencyType@45e7bb79
2022-10-18 16:37:51.350 DEBUG 33684 --- [    Test worker] org.hibernate.type.BasicTypeRegistry     : Adding type registration java.util.Currency -> org.hibernate.type.CurrencyType@45e7bb79
2022-10-18 16:37:51.351 DEBUG 33684 --- [    Test worker] org.hibernate.type.BasicTypeRegistry     : Adding type registration timezone -> org.hibernate.type.TimeZoneType@51af8049
2022-10-18 16:37:51.352 DEBUG 33684 --- [    Test worker] org.hibernate.type.BasicTypeRegistry     : Adding type registration java.util.TimeZone -> org.hibernate.type.TimeZoneType@51af8049
2022-10-18 16:37:51.353 DEBUG 33684 --- [    Test worker] org.hibernate.type.BasicTypeRegistry     : Adding type registration class -> org.hibernate.type.ClassType@1b47b7f5
2022-10-18 16:37:51.353 DEBUG 33684 --- [    Test worker] org.hibernate.type.BasicTypeRegistry     : Adding type registration java.lang.Class -> org.hibernate.type.ClassType@1b47b7f5
2022-10-18 16:37:51.354 DEBUG 33684 --- [    Test worker] org.hibernate.type.BasicTypeRegistry     : Adding type registration uuid-binary -> org.hibernate.type.UUIDBinaryType@adafe19
2022-10-18 16:37:51.354 DEBUG 33684 --- [    Test worker] org.hibernate.type.BasicTypeRegistry     : Adding type registration java.util.UUID -> org.hibernate.type.UUIDBinaryType@adafe19
2022-10-18 16:37:51.355 DEBUG 33684 --- [    Test worker] org.hibernate.type.BasicTypeRegistry     : Adding type registration uuid-char -> org.hibernate.type.UUIDCharType@3386c206
2022-10-18 16:37:51.356 DEBUG 33684 --- [    Test worker] org.hibernate.type.BasicTypeRegistry     : Adding type registration binary -> org.hibernate.type.BinaryType@be6d228
2022-10-18 16:37:51.356 DEBUG 33684 --- [    Test worker] org.hibernate.type.BasicTypeRegistry     : Adding type registration byte[] -> org.hibernate.type.BinaryType@be6d228
2022-10-18 16:37:51.356 DEBUG 33684 --- [    Test worker] org.hibernate.type.BasicTypeRegistry     : Adding type registration [B -> org.hibernate.type.BinaryType@be6d228
2022-10-18 16:37:51.357 DEBUG 33684 --- [    Test worker] org.hibernate.type.BasicTypeRegistry     : Adding type registration wrapper-binary -> org.hibernate.type.WrapperBinaryType@2ae5bd34
2022-10-18 16:37:51.357 DEBUG 33684 --- [    Test worker] org.hibernate.type.BasicTypeRegistry     : Adding type registration Byte[] -> org.hibernate.type.WrapperBinaryType@2ae5bd34
2022-10-18 16:37:51.357 DEBUG 33684 --- [    Test worker] org.hibernate.type.BasicTypeRegistry     : Adding type registration [Ljava.lang.Byte; -> org.hibernate.type.WrapperBinaryType@2ae5bd34
2022-10-18 16:37:51.359 DEBUG 33684 --- [    Test worker] org.hibernate.type.BasicTypeRegistry     : Adding type registration row_version -> org.hibernate.type.RowVersionType@57c6feea
2022-10-18 16:37:51.359 DEBUG 33684 --- [    Test worker] org.hibernate.type.BasicTypeRegistry     : Adding type registration image -> org.hibernate.type.ImageType@48c5698
2022-10-18 16:37:51.360 DEBUG 33684 --- [    Test worker] org.hibernate.type.BasicTypeRegistry     : Adding type registration characters -> org.hibernate.type.CharArrayType@340c5fb6
2022-10-18 16:37:51.360 DEBUG 33684 --- [    Test worker] org.hibernate.type.BasicTypeRegistry     : Adding type registration char[] -> org.hibernate.type.CharArrayType@340c5fb6
2022-10-18 16:37:51.360 DEBUG 33684 --- [    Test worker] org.hibernate.type.BasicTypeRegistry     : Adding type registration [C -> org.hibernate.type.CharArrayType@340c5fb6
2022-10-18 16:37:51.362 DEBUG 33684 --- [    Test worker] org.hibernate.type.BasicTypeRegistry     : Adding type registration wrapper-characters -> org.hibernate.type.CharacterArrayType@11148dc2
2022-10-18 16:37:51.363 DEBUG 33684 --- [    Test worker] org.hibernate.type.BasicTypeRegistry     : Adding type registration [Ljava.lang.Character; -> org.hibernate.type.CharacterArrayType@11148dc2
2022-10-18 16:37:51.363 DEBUG 33684 --- [    Test worker] org.hibernate.type.BasicTypeRegistry     : Adding type registration Character[] -> org.hibernate.type.CharacterArrayType@11148dc2
2022-10-18 16:37:51.363 DEBUG 33684 --- [    Test worker] org.hibernate.type.BasicTypeRegistry     : Adding type registration text -> org.hibernate.type.TextType@7bb4ed71
2022-10-18 16:37:51.363 DEBUG 33684 --- [    Test worker] org.hibernate.type.BasicTypeRegistry     : Adding type registration ntext -> org.hibernate.type.NTextType@1c72189f
2022-10-18 16:37:51.375 DEBUG 33684 --- [    Test worker] org.hibernate.type.BasicTypeRegistry     : Adding type registration blob -> org.hibernate.type.BlobType@bd4ee01
2022-10-18 16:37:51.375 DEBUG 33684 --- [    Test worker] org.hibernate.type.BasicTypeRegistry     : Adding type registration java.sql.Blob -> org.hibernate.type.BlobType@bd4ee01
2022-10-18 16:37:51.375 DEBUG 33684 --- [    Test worker] org.hibernate.type.BasicTypeRegistry     : Adding type registration materialized_blob -> org.hibernate.type.MaterializedBlobType@69e2fe3b
2022-10-18 16:37:51.376 DEBUG 33684 --- [    Test worker] org.hibernate.type.BasicTypeRegistry     : Adding type registration clob -> org.hibernate.type.ClobType@4276ad40
2022-10-18 16:37:51.376 DEBUG 33684 --- [    Test worker] org.hibernate.type.BasicTypeRegistry     : Adding type registration java.sql.Clob -> org.hibernate.type.ClobType@4276ad40
2022-10-18 16:37:51.377 DEBUG 33684 --- [    Test worker] org.hibernate.type.BasicTypeRegistry     : Adding type registration nclob -> org.hibernate.type.NClobType@44bbb7c6
2022-10-18 16:37:51.378 DEBUG 33684 --- [    Test worker] org.hibernate.type.BasicTypeRegistry     : Adding type registration java.sql.NClob -> org.hibernate.type.NClobType@44bbb7c6
2022-10-18 16:37:51.378 DEBUG 33684 --- [    Test worker] org.hibernate.type.BasicTypeRegistry     : Adding type registration materialized_clob -> org.hibernate.type.MaterializedClobType@1570cad0
2022-10-18 16:37:51.378 DEBUG 33684 --- [    Test worker] org.hibernate.type.BasicTypeRegistry     : Adding type registration materialized_nclob -> org.hibernate.type.MaterializedNClobType@701d2b59
2022-10-18 16:37:51.379 DEBUG 33684 --- [    Test worker] org.hibernate.type.BasicTypeRegistry     : Adding type registration serializable -> org.hibernate.type.SerializableType@69ba3f4e
2022-10-18 16:37:51.382 DEBUG 33684 --- [    Test worker] org.hibernate.type.BasicTypeRegistry     : Adding type registration object -> org.hibernate.type.ObjectType@6e239337
2022-10-18 16:37:51.382 DEBUG 33684 --- [    Test worker] org.hibernate.type.BasicTypeRegistry     : Adding type registration java.lang.Object -> org.hibernate.type.ObjectType@6e239337
2022-10-18 16:37:51.383 DEBUG 33684 --- [    Test worker] org.hibernate.type.BasicTypeRegistry     : Adding type registration imm_date -> org.hibernate.type.AdaptedImmutableType@4243341e
2022-10-18 16:37:51.383 DEBUG 33684 --- [    Test worker] org.hibernate.type.BasicTypeRegistry     : Adding type registration imm_time -> org.hibernate.type.AdaptedImmutableType@d1c5cf2
2022-10-18 16:37:51.383 DEBUG 33684 --- [    Test worker] org.hibernate.type.BasicTypeRegistry     : Adding type registration imm_timestamp -> org.hibernate.type.AdaptedImmutableType@7e0986c9
2022-10-18 16:37:51.383 DEBUG 33684 --- [    Test worker] org.hibernate.type.BasicTypeRegistry     : Adding type registration imm_dbtimestamp -> org.hibernate.type.AdaptedImmutableType@1377b1a0
2022-10-18 16:37:51.383 DEBUG 33684 --- [    Test worker] org.hibernate.type.BasicTypeRegistry     : Adding type registration imm_calendar -> org.hibernate.type.AdaptedImmutableType@48cf8414
2022-10-18 16:37:51.383 DEBUG 33684 --- [    Test worker] org.hibernate.type.BasicTypeRegistry     : Adding type registration imm_calendar_date -> org.hibernate.type.AdaptedImmutableType@27dbaa33
2022-10-18 16:37:51.383 DEBUG 33684 --- [    Test worker] org.hibernate.type.BasicTypeRegistry     : Adding type registration imm_binary -> org.hibernate.type.AdaptedImmutableType@15d65fcf
2022-10-18 16:37:51.383 DEBUG 33684 --- [    Test worker] org.hibernate.type.BasicTypeRegistry     : Adding type registration imm_serializable -> org.hibernate.type.AdaptedImmutableType@3b021664
2022-10-18 16:37:51.420  INFO 33684 --- [    Test worker] com.zaxxer.hikari.HikariDataSource       : HikariCP - Starting...
2022-10-18 16:37:51.501  INFO 33684 --- [    Test worker] com.zaxxer.hikari.HikariDataSource       : HikariCP - Start completed.
2022-10-18 16:37:51.517  INFO 33684 --- [    Test worker] org.hibernate.dialect.Dialect            : HHH000400: Using dialect: org.hibernate.dialect.H2Dialect
2022-10-18 16:37:51.565 DEBUG 33684 --- [    Test worker] o.h.type.spi.TypeConfiguration$Scope     : Scoping TypeConfiguration [org.hibernate.type.spi.TypeConfiguration@4af70b83] to MetadataBuildingContext [org.hibernate.boot.internal.MetadataBuildingContextRootImpl@143413cd]
2022-10-18 16:37:51.798 DEBUG 33684 --- [    Test worker] o.h.type.spi.TypeConfiguration$Scope     : Scoping TypeConfiguration [org.hibernate.type.spi.TypeConfiguration@4af70b83] to SessionFactoryImpl [org.hibernate.internal.SessionFactoryImpl@71beada8]
2022-10-18 16:37:52.068  INFO 33684 --- [    Test worker] o.h.e.t.j.p.i.JtaPlatformInitiator       : HHH000490: Using JtaPlatform implementation: [org.hibernate.engine.transaction.jta.platform.internal.NoJtaPlatform]
2022-10-18 16:37:52.075 TRACE 33684 --- [    Test worker] o.h.type.spi.TypeConfiguration$Scope     : Handling #sessionFactoryCreated from [org.hibernate.internal.SessionFactoryImpl@71beada8] for TypeConfiguration
2022-10-18 16:37:52.076  INFO 33684 --- [    Test worker] j.LocalContainerEntityManagerFactoryBean : Initialized JPA EntityManagerFactory for persistence unit 'default'
2022-10-18 16:37:52.080  INFO 33684 --- [    Test worker] f.a.AutowiredAnnotationBeanPostProcessor : Autowired annotation is not supported on static methods: public static void com.hermes.hermestock.HermestockApplication.main(java.lang.String[])
2022-10-18 16:37:52.849  INFO 33684 --- [    Test worker] o.s.b.a.w.s.WelcomePageHandlerMapping    : Adding welcome page: class path resource [static/index.html]
2022-10-18T16:37:53.162828
2022-10-18 16:37:53.166  INFO 33684 --- [    Test worker] c.h.h.HermestockApplicationTests         : Started HermestockApplicationTests in 4.01 seconds (JVM running for 5.082)
]]></system-out>
  <system-err><![CDATA[]]></system-err>
</testsuite>
